{"/home/aleks/webdev/Documents/rsSchool/rs-schooll-REACT2024Q3/src/components/banner/banner.tsx": {"path":"/home/aleks/webdev/Documents/rsSchool/rs-schooll-REACT2024Q3/src/components/banner/banner.tsx","all":false,"statementMap":{"0":{"start":{"line":1,"column":0},"end":{"line":1,"column":53}},"6":{"start":{"line":7,"column":0},"end":{"line":7,"column":66}},"7":{"start":{"line":8,"column":0},"end":{"line":8,"column":49}},"8":{"start":{"line":9,"column":0},"end":{"line":9,"column":2}},"10":{"start":{"line":11,"column":0},"end":{"line":11,"column":22}}},"s":{"0":1,"6":1,"7":13,"8":13,"10":1},"branchMap":{"0":{"type":"branch","line":7,"loc":{"start":{"line":7,"column":47},"end":{"line":9,"column":2}},"locations":[{"start":{"line":7,"column":47},"end":{"line":9,"column":2}}]}},"b":{"0":[13]},"fnMap":{"0":{"name":"Banner","decl":{"start":{"line":7,"column":47},"end":{"line":9,"column":2}},"loc":{"start":{"line":7,"column":47},"end":{"line":9,"column":2}},"line":7}},"f":{"0":13}}
,"/home/aleks/webdev/Documents/rsSchool/rs-schooll-REACT2024Q3/src/components/card/Card.tsx": {"path":"/home/aleks/webdev/Documents/rsSchool/rs-schooll-REACT2024Q3/src/components/card/Card.tsx","all":false,"statementMap":{"0":{"start":{"line":1,"column":0},"end":{"line":1,"column":55}},"2":{"start":{"line":3,"column":0},"end":{"line":3,"column":57}},"7":{"start":{"line":8,"column":0},"end":{"line":8,"column":40}},"9":{"start":{"line":10,"column":0},"end":{"line":10,"column":41}},"10":{"start":{"line":11,"column":0},"end":{"line":11,"column":36}},"11":{"start":{"line":12,"column":0},"end":{"line":12,"column":58}},"19":{"start":{"line":20,"column":0},"end":{"line":20,"column":45}},"20":{"start":{"line":21,"column":0},"end":{"line":21,"column":6}},"21":{"start":{"line":22,"column":0},"end":{"line":22,"column":14}},"22":{"start":{"line":23,"column":0},"end":{"line":23,"column":10}},"23":{"start":{"line":24,"column":0},"end":{"line":24,"column":7}},"24":{"start":{"line":25,"column":0},"end":{"line":25,"column":35}},"25":{"start":{"line":26,"column":0},"end":{"line":26,"column":32}},"26":{"start":{"line":27,"column":0},"end":{"line":27,"column":40}},"27":{"start":{"line":28,"column":0},"end":{"line":28,"column":35}},"29":{"start":{"line":30,"column":0},"end":{"line":30,"column":31}},"30":{"start":{"line":31,"column":0},"end":{"line":31,"column":35}},"31":{"start":{"line":32,"column":0},"end":{"line":32,"column":14}},"32":{"start":{"line":33,"column":0},"end":{"line":33,"column":7}},"33":{"start":{"line":34,"column":0},"end":{"line":34,"column":25}},"34":{"start":{"line":35,"column":0},"end":{"line":35,"column":40}},"35":{"start":{"line":36,"column":0},"end":{"line":36,"column":3}},"36":{"start":{"line":37,"column":0},"end":{"line":37,"column":38}},"37":{"start":{"line":38,"column":0},"end":{"line":38,"column":3}},"39":{"start":{"line":40,"column":0},"end":{"line":40,"column":36}},"40":{"start":{"line":41,"column":0},"end":{"line":41,"column":17}},"41":{"start":{"line":42,"column":0},"end":{"line":42,"column":33}},"42":{"start":{"line":43,"column":0},"end":{"line":43,"column":41}},"43":{"start":{"line":44,"column":0},"end":{"line":44,"column":10}},"44":{"start":{"line":45,"column":0},"end":{"line":45,"column":3}},"45":{"start":{"line":46,"column":0},"end":{"line":46,"column":32}},"46":{"start":{"line":47,"column":0},"end":{"line":47,"column":20}},"47":{"start":{"line":48,"column":0},"end":{"line":48,"column":3}},"49":{"start":{"line":50,"column":0},"end":{"line":50,"column":9}},"50":{"start":{"line":51,"column":0},"end":{"line":51,"column":10}},"51":{"start":{"line":52,"column":0},"end":{"line":52,"column":12}},"52":{"start":{"line":53,"column":0},"end":{"line":53,"column":51}},"54":{"start":{"line":55,"column":0},"end":{"line":55,"column":31}},"55":{"start":{"line":56,"column":0},"end":{"line":56,"column":39}},"56":{"start":{"line":57,"column":0},"end":{"line":57,"column":11}},"57":{"start":{"line":58,"column":0},"end":{"line":58,"column":81}},"58":{"start":{"line":59,"column":0},"end":{"line":59,"column":34}},"59":{"start":{"line":60,"column":0},"end":{"line":60,"column":14}},"61":{"start":{"line":62,"column":0},"end":{"line":62,"column":64}},"62":{"start":{"line":63,"column":0},"end":{"line":63,"column":13}},"64":{"start":{"line":65,"column":0},"end":{"line":65,"column":10}},"65":{"start":{"line":66,"column":0},"end":{"line":66,"column":84}},"67":{"start":{"line":68,"column":0},"end":{"line":68,"column":61}},"68":{"start":{"line":69,"column":0},"end":{"line":69,"column":11}},"69":{"start":{"line":70,"column":0},"end":{"line":70,"column":21}},"70":{"start":{"line":71,"column":0},"end":{"line":71,"column":28}},"71":{"start":{"line":72,"column":0},"end":{"line":72,"column":53}},"72":{"start":{"line":73,"column":0},"end":{"line":73,"column":7}},"73":{"start":{"line":74,"column":0},"end":{"line":74,"column":12}},"74":{"start":{"line":75,"column":0},"end":{"line":75,"column":9}},"75":{"start":{"line":76,"column":0},"end":{"line":76,"column":12}},"77":{"start":{"line":78,"column":0},"end":{"line":78,"column":2}},"79":{"start":{"line":80,"column":0},"end":{"line":80,"column":20}}},"s":{"0":1,"2":1,"7":1,"9":1,"10":1,"11":1,"19":1,"20":2,"21":2,"22":2,"23":2,"24":2,"25":2,"26":2,"27":2,"29":2,"30":0,"31":0,"32":0,"33":0,"34":0,"35":0,"36":0,"37":0,"39":2,"40":0,"41":0,"42":0,"43":0,"44":0,"45":0,"46":0,"47":0,"49":2,"50":2,"51":2,"52":2,"54":2,"55":2,"56":2,"57":2,"58":2,"59":2,"61":2,"62":2,"64":2,"65":2,"67":2,"68":2,"69":2,"70":2,"71":2,"72":2,"73":2,"74":2,"75":2,"77":2,"79":1},"branchMap":{"0":{"type":"branch","line":20,"loc":{"start":{"line":20,"column":43},"end":{"line":78,"column":2}},"locations":[{"start":{"line":20,"column":43},"end":{"line":78,"column":2}}]},"1":{"type":"branch","line":55,"loc":{"start":{"line":55,"column":10},"end":{"line":55,"column":24}},"locations":[{"start":{"line":55,"column":10},"end":{"line":55,"column":24}}]},"2":{"type":"branch","line":58,"loc":{"start":{"line":58,"column":46},"end":{"line":58,"column":76}},"locations":[{"start":{"line":58,"column":46},"end":{"line":58,"column":76}}]},"3":{"type":"branch","line":58,"loc":{"start":{"line":58,"column":72},"end":{"line":58,"column":78}},"locations":[{"start":{"line":58,"column":72},"end":{"line":58,"column":78}}]},"4":{"type":"branch","line":62,"loc":{"start":{"line":62,"column":13},"end":{"line":62,"column":41}},"locations":[{"start":{"line":62,"column":13},"end":{"line":62,"column":41}}]},"5":{"type":"branch","line":62,"loc":{"start":{"line":62,"column":24},"end":{"line":62,"column":57}},"locations":[{"start":{"line":62,"column":24},"end":{"line":62,"column":57}}]},"6":{"type":"branch","line":66,"loc":{"start":{"line":66,"column":45},"end":{"line":66,"column":79}},"locations":[{"start":{"line":66,"column":45},"end":{"line":66,"column":79}}]},"7":{"type":"branch","line":68,"loc":{"start":{"line":68,"column":6},"end":{"line":68,"column":43}},"locations":[{"start":{"line":68,"column":6},"end":{"line":68,"column":43}}]}},"b":{"0":[2],"1":[0],"2":[1],"3":[1],"4":[1],"5":[1],"6":[0],"7":[0]},"fnMap":{"0":{"name":"Card","decl":{"start":{"line":20,"column":43},"end":{"line":78,"column":2}},"loc":{"start":{"line":20,"column":43},"end":{"line":78,"column":2}},"line":20},"1":{"name":"handleToggleFavorite","decl":{"start":{"line":30,"column":30},"end":{"line":38,"column":3}},"loc":{"start":{"line":30,"column":30},"end":{"line":38,"column":3}},"line":30},"2":{"name":"handleToggleDetails","decl":{"start":{"line":40,"column":29},"end":{"line":48,"column":3}},"loc":{"start":{"line":40,"column":29},"end":{"line":48,"column":3}},"line":40},"3":{"name":"onChange","decl":{"start":{"line":72,"column":16},"end":{"line":72,"column":53}},"loc":{"start":{"line":72,"column":16},"end":{"line":72,"column":53}},"line":72}},"f":{"0":2,"1":0,"2":0,"3":0}}
,"/home/aleks/webdev/Documents/rsSchool/rs-schooll-REACT2024Q3/src/components/cards/Cards.tsx": {"path":"/home/aleks/webdev/Documents/rsSchool/rs-schooll-REACT2024Q3/src/components/cards/Cards.tsx","all":false,"statementMap":{"0":{"start":{"line":1,"column":0},"end":{"line":1,"column":73}},"1":{"start":{"line":2,"column":0},"end":{"line":2,"column":41}},"3":{"start":{"line":4,"column":0},"end":{"line":4,"column":59}},"4":{"start":{"line":5,"column":0},"end":{"line":5,"column":34}},"5":{"start":{"line":6,"column":0},"end":{"line":6,"column":73}},"6":{"start":{"line":7,"column":0},"end":{"line":7,"column":38}},"7":{"start":{"line":8,"column":0},"end":{"line":8,"column":50}},"8":{"start":{"line":9,"column":0},"end":{"line":9,"column":80}},"9":{"start":{"line":10,"column":0},"end":{"line":10,"column":32}},"10":{"start":{"line":11,"column":0},"end":{"line":11,"column":38}},"11":{"start":{"line":12,"column":0},"end":{"line":12,"column":72}},"13":{"start":{"line":14,"column":0},"end":{"line":14,"column":41}},"14":{"start":{"line":15,"column":0},"end":{"line":15,"column":21}},"15":{"start":{"line":16,"column":0},"end":{"line":16,"column":35}},"16":{"start":{"line":17,"column":0},"end":{"line":17,"column":32}},"17":{"start":{"line":18,"column":0},"end":{"line":18,"column":47}},"19":{"start":{"line":20,"column":0},"end":{"line":20,"column":63}},"21":{"start":{"line":22,"column":0},"end":{"line":22,"column":64}},"22":{"start":{"line":23,"column":0},"end":{"line":23,"column":31}},"24":{"start":{"line":25,"column":0},"end":{"line":25,"column":68}},"25":{"start":{"line":26,"column":0},"end":{"line":26,"column":27}},"26":{"start":{"line":27,"column":0},"end":{"line":27,"column":13}},"27":{"start":{"line":28,"column":0},"end":{"line":28,"column":27}},"28":{"start":{"line":29,"column":0},"end":{"line":29,"column":4}},"30":{"start":{"line":31,"column":0},"end":{"line":31,"column":37}},"31":{"start":{"line":32,"column":0},"end":{"line":32,"column":19}},"32":{"start":{"line":33,"column":0},"end":{"line":33,"column":33}},"33":{"start":{"line":34,"column":0},"end":{"line":34,"column":34}},"34":{"start":{"line":35,"column":0},"end":{"line":35,"column":3}},"35":{"start":{"line":36,"column":0},"end":{"line":36,"column":3}},"37":{"start":{"line":38,"column":0},"end":{"line":38,"column":18}},"38":{"start":{"line":39,"column":0},"end":{"line":39,"column":13}},"39":{"start":{"line":40,"column":0},"end":{"line":40,"column":28}},"40":{"start":{"line":41,"column":0},"end":{"line":41,"column":19}},"41":{"start":{"line":42,"column":0},"end":{"line":42,"column":28}},"42":{"start":{"line":43,"column":0},"end":{"line":43,"column":25}},"43":{"start":{"line":44,"column":0},"end":{"line":44,"column":27}},"44":{"start":{"line":45,"column":0},"end":{"line":45,"column":7}},"45":{"start":{"line":46,"column":0},"end":{"line":46,"column":20}},"46":{"start":{"line":47,"column":0},"end":{"line":47,"column":26}},"47":{"start":{"line":48,"column":0},"end":{"line":48,"column":6}},"48":{"start":{"line":49,"column":0},"end":{"line":49,"column":3}},"49":{"start":{"line":50,"column":0},"end":{"line":50,"column":58}},"51":{"start":{"line":52,"column":0},"end":{"line":52,"column":9}},"52":{"start":{"line":53,"column":0},"end":{"line":53,"column":4}},"53":{"start":{"line":54,"column":0},"end":{"line":54,"column":34}},"54":{"start":{"line":55,"column":0},"end":{"line":55,"column":44}},"56":{"start":{"line":57,"column":0},"end":{"line":57,"column":52}},"58":{"start":{"line":59,"column":0},"end":{"line":59,"column":43}},"59":{"start":{"line":60,"column":0},"end":{"line":60,"column":43}},"60":{"start":{"line":61,"column":0},"end":{"line":61,"column":13}},"61":{"start":{"line":62,"column":0},"end":{"line":62,"column":45}},"62":{"start":{"line":63,"column":0},"end":{"line":63,"column":36}},"64":{"start":{"line":65,"column":0},"end":{"line":65,"column":60}},"66":{"start":{"line":67,"column":0},"end":{"line":67,"column":28}},"67":{"start":{"line":68,"column":0},"end":{"line":68,"column":12}},"68":{"start":{"line":69,"column":0},"end":{"line":69,"column":22}},"69":{"start":{"line":70,"column":0},"end":{"line":70,"column":19}},"70":{"start":{"line":71,"column":0},"end":{"line":71,"column":22}},"71":{"start":{"line":72,"column":0},"end":{"line":72,"column":62}},"73":{"start":{"line":74,"column":0},"end":{"line":74,"column":45}},"74":{"start":{"line":75,"column":0},"end":{"line":75,"column":9}},"75":{"start":{"line":76,"column":0},"end":{"line":76,"column":9}},"76":{"start":{"line":77,"column":0},"end":{"line":77,"column":15}},"77":{"start":{"line":78,"column":0},"end":{"line":78,"column":15}},"78":{"start":{"line":79,"column":0},"end":{"line":79,"column":14}},"80":{"start":{"line":81,"column":0},"end":{"line":81,"column":5}},"82":{"start":{"line":83,"column":0},"end":{"line":83,"column":2}},"84":{"start":{"line":85,"column":0},"end":{"line":85,"column":21}}},"s":{"0":1,"1":1,"3":1,"4":1,"5":1,"6":1,"7":1,"8":1,"9":1,"10":1,"11":1,"13":1,"14":1,"15":8,"16":8,"17":8,"19":8,"21":8,"22":8,"24":8,"25":8,"26":8,"27":8,"28":8,"30":8,"31":0,"32":0,"33":0,"34":0,"35":0,"37":8,"38":4,"39":1,"40":1,"41":1,"42":0,"43":0,"44":0,"45":1,"46":1,"47":1,"48":1,"49":8,"51":8,"52":8,"53":8,"54":8,"56":8,"58":8,"59":2,"60":2,"61":2,"62":2,"64":2,"66":2,"67":0,"68":0,"69":0,"70":0,"71":0,"73":0,"74":0,"75":2,"76":2,"77":2,"78":2,"80":8,"82":8,"84":1},"branchMap":{"0":{"type":"branch","line":15,"loc":{"start":{"line":15,"column":14},"end":{"line":83,"column":2}},"locations":[{"start":{"line":15,"column":14},"end":{"line":83,"column":2}}]},"1":{"type":"branch","line":55,"loc":{"start":{"line":55,"column":5},"end":{"line":55,"column":33}},"locations":[{"start":{"line":55,"column":5},"end":{"line":55,"column":33}}]},"2":{"type":"branch","line":55,"loc":{"start":{"line":55,"column":18},"end":{"line":55,"column":44}},"locations":[{"start":{"line":55,"column":18},"end":{"line":55,"column":44}}]},"3":{"type":"branch","line":57,"loc":{"start":{"line":57,"column":4},"end":{"line":57,"column":52}},"locations":[{"start":{"line":57,"column":4},"end":{"line":57,"column":52}}]},"4":{"type":"branch","line":59,"loc":{"start":{"line":59,"column":14},"end":{"line":59,"column":43}},"locations":[{"start":{"line":59,"column":14},"end":{"line":59,"column":43}}]},"5":{"type":"branch","line":59,"loc":{"start":{"line":59,"column":28},"end":{"line":79,"column":14}},"locations":[{"start":{"line":59,"column":28},"end":{"line":79,"column":14}}]},"6":{"type":"branch","line":38,"loc":{"start":{"line":38,"column":11},"end":{"line":50,"column":4}},"locations":[{"start":{"line":38,"column":11},"end":{"line":50,"column":4}}]},"7":{"type":"branch","line":39,"loc":{"start":{"line":39,"column":12},"end":{"line":49,"column":3}},"locations":[{"start":{"line":39,"column":12},"end":{"line":49,"column":3}}]},"8":{"type":"branch","line":42,"loc":{"start":{"line":42,"column":4},"end":{"line":45,"column":7}},"locations":[{"start":{"line":42,"column":4},"end":{"line":45,"column":7}}]}},"b":{"0":[8],"1":[2],"2":[6],"3":[0],"4":[2],"5":[2],"6":[4],"7":[1],"8":[0]},"fnMap":{"0":{"name":"Cards","decl":{"start":{"line":15,"column":14},"end":{"line":83,"column":2}},"loc":{"start":{"line":15,"column":14},"end":{"line":83,"column":2}},"line":15},"1":{"name":"handleHideActiveCard","decl":{"start":{"line":31,"column":30},"end":{"line":36,"column":3}},"loc":{"start":{"line":31,"column":30},"end":{"line":36,"column":3}},"line":31}},"f":{"0":8,"1":0}}
,"/home/aleks/webdev/Documents/rsSchool/rs-schooll-REACT2024Q3/src/components/categories/Categories.tsx": {"path":"/home/aleks/webdev/Documents/rsSchool/rs-schooll-REACT2024Q3/src/components/categories/Categories.tsx","all":false,"statementMap":{"0":{"start":{"line":1,"column":0},"end":{"line":1,"column":59}},"2":{"start":{"line":3,"column":0},"end":{"line":3,"column":41}},"3":{"start":{"line":4,"column":0},"end":{"line":4,"column":73}},"7":{"start":{"line":8,"column":0},"end":{"line":8,"column":45}},"8":{"start":{"line":9,"column":0},"end":{"line":9,"column":34}},"9":{"start":{"line":10,"column":0},"end":{"line":10,"column":74}},"10":{"start":{"line":11,"column":0},"end":{"line":11,"column":66}},"11":{"start":{"line":12,"column":0},"end":{"line":12,"column":70}},"12":{"start":{"line":13,"column":0},"end":{"line":13,"column":38}},"13":{"start":{"line":14,"column":0},"end":{"line":14,"column":47}},"15":{"start":{"line":16,"column":0},"end":{"line":16,"column":46}},"17":{"start":{"line":18,"column":0},"end":{"line":18,"column":26}},"18":{"start":{"line":19,"column":0},"end":{"line":19,"column":35}},"19":{"start":{"line":20,"column":0},"end":{"line":20,"column":32}},"21":{"start":{"line":22,"column":0},"end":{"line":22,"column":78}},"23":{"start":{"line":24,"column":0},"end":{"line":24,"column":75}},"25":{"start":{"line":26,"column":0},"end":{"line":26,"column":64}},"27":{"start":{"line":28,"column":0},"end":{"line":28,"column":18}},"28":{"start":{"line":29,"column":0},"end":{"line":29,"column":13}},"29":{"start":{"line":30,"column":0},"end":{"line":30,"column":33}},"30":{"start":{"line":31,"column":0},"end":{"line":31,"column":3}},"31":{"start":{"line":32,"column":0},"end":{"line":32,"column":22}},"33":{"start":{"line":34,"column":0},"end":{"line":34,"column":18}},"34":{"start":{"line":35,"column":0},"end":{"line":35,"column":24}},"35":{"start":{"line":36,"column":0},"end":{"line":36,"column":48}},"36":{"start":{"line":37,"column":0},"end":{"line":37,"column":29}},"37":{"start":{"line":38,"column":0},"end":{"line":38,"column":3}},"38":{"start":{"line":39,"column":0},"end":{"line":39,"column":43}},"40":{"start":{"line":41,"column":0},"end":{"line":41,"column":53}},"41":{"start":{"line":42,"column":0},"end":{"line":42,"column":36}},"42":{"start":{"line":43,"column":0},"end":{"line":43,"column":38}},"43":{"start":{"line":44,"column":0},"end":{"line":44,"column":35}},"44":{"start":{"line":45,"column":0},"end":{"line":45,"column":17}},"45":{"start":{"line":46,"column":0},"end":{"line":46,"column":10}},"46":{"start":{"line":47,"column":0},"end":{"line":47,"column":3}},"47":{"start":{"line":48,"column":0},"end":{"line":48,"column":43}},"48":{"start":{"line":49,"column":0},"end":{"line":49,"column":40}},"49":{"start":{"line":50,"column":0},"end":{"line":50,"column":32}},"50":{"start":{"line":51,"column":0},"end":{"line":51,"column":24}},"51":{"start":{"line":52,"column":0},"end":{"line":52,"column":21}},"52":{"start":{"line":53,"column":0},"end":{"line":53,"column":3}},"54":{"start":{"line":55,"column":0},"end":{"line":55,"column":9}},"55":{"start":{"line":56,"column":0},"end":{"line":56,"column":4}},"56":{"start":{"line":57,"column":0},"end":{"line":57,"column":50}},"58":{"start":{"line":59,"column":0},"end":{"line":59,"column":51}},"60":{"start":{"line":61,"column":0},"end":{"line":61,"column":28}},"61":{"start":{"line":62,"column":0},"end":{"line":62,"column":63}},"64":{"start":{"line":65,"column":0},"end":{"line":65,"column":32}},"65":{"start":{"line":66,"column":0},"end":{"line":66,"column":36}},"66":{"start":{"line":67,"column":0},"end":{"line":67,"column":36}},"67":{"start":{"line":68,"column":0},"end":{"line":68,"column":13}},"68":{"start":{"line":69,"column":0},"end":{"line":69,"column":53}},"69":{"start":{"line":70,"column":0},"end":{"line":70,"column":93}},"70":{"start":{"line":71,"column":0},"end":{"line":71,"column":21}},"72":{"start":{"line":73,"column":0},"end":{"line":73,"column":17}},"73":{"start":{"line":74,"column":0},"end":{"line":74,"column":15}},"74":{"start":{"line":75,"column":0},"end":{"line":75,"column":8}},"75":{"start":{"line":76,"column":0},"end":{"line":76,"column":10}},"77":{"start":{"line":78,"column":0},"end":{"line":78,"column":5}},"79":{"start":{"line":80,"column":0},"end":{"line":80,"column":2}},"80":{"start":{"line":81,"column":0},"end":{"line":81,"column":26}}},"s":{"0":1,"2":1,"3":1,"7":1,"8":1,"9":1,"10":1,"11":1,"12":1,"13":1,"15":1,"17":1,"18":18,"19":18,"21":18,"23":18,"25":18,"27":18,"28":8,"29":3,"30":3,"31":18,"33":18,"34":6,"35":1,"36":1,"37":1,"38":18,"40":18,"41":1,"42":0,"43":0,"44":0,"45":0,"46":0,"47":1,"48":1,"49":1,"50":1,"51":1,"52":1,"54":18,"55":18,"56":18,"58":18,"60":18,"61":0,"64":18,"65":5,"66":5,"67":30,"68":30,"69":30,"70":30,"72":30,"73":30,"74":5,"75":5,"77":18,"79":18,"80":1},"branchMap":{"0":{"type":"branch","line":18,"loc":{"start":{"line":18,"column":19},"end":{"line":80,"column":2}},"locations":[{"start":{"line":18,"column":19},"end":{"line":80,"column":2}}]},"1":{"type":"branch","line":57,"loc":{"start":{"line":57,"column":4},"end":{"line":57,"column":50}},"locations":[{"start":{"line":57,"column":4},"end":{"line":57,"column":50}}]},"2":{"type":"branch","line":59,"loc":{"start":{"line":59,"column":4},"end":{"line":59,"column":51}},"locations":[{"start":{"line":59,"column":4},"end":{"line":59,"column":51}}]},"3":{"type":"branch","line":61,"loc":{"start":{"line":61,"column":5},"end":{"line":61,"column":28}},"locations":[{"start":{"line":61,"column":5},"end":{"line":61,"column":28}}]},"4":{"type":"branch","line":61,"loc":{"start":{"line":61,"column":14},"end":{"line":62,"column":63}},"locations":[{"start":{"line":61,"column":14},"end":{"line":62,"column":63}}]},"5":{"type":"branch","line":65,"loc":{"start":{"line":65,"column":26},"end":{"line":76,"column":10}},"locations":[{"start":{"line":65,"column":26},"end":{"line":76,"column":10}}]},"6":{"type":"branch","line":28,"loc":{"start":{"line":28,"column":11},"end":{"line":32,"column":4}},"locations":[{"start":{"line":28,"column":11},"end":{"line":32,"column":4}}]},"7":{"type":"branch","line":29,"loc":{"start":{"line":29,"column":12},"end":{"line":31,"column":3}},"locations":[{"start":{"line":29,"column":12},"end":{"line":31,"column":3}}]},"8":{"type":"branch","line":34,"loc":{"start":{"line":34,"column":11},"end":{"line":39,"column":4}},"locations":[{"start":{"line":34,"column":11},"end":{"line":39,"column":4}}]},"9":{"type":"branch","line":35,"loc":{"start":{"line":35,"column":23},"end":{"line":38,"column":3}},"locations":[{"start":{"line":35,"column":23},"end":{"line":38,"column":3}}]},"10":{"type":"branch","line":41,"loc":{"start":{"line":41,"column":30},"end":{"line":53,"column":3}},"locations":[{"start":{"line":41,"column":30},"end":{"line":53,"column":3}}]},"11":{"type":"branch","line":42,"loc":{"start":{"line":42,"column":35},"end":{"line":47,"column":3}},"locations":[{"start":{"line":42,"column":35},"end":{"line":47,"column":3}}]},"12":{"type":"branch","line":67,"loc":{"start":{"line":67,"column":21},"end":{"line":74,"column":15}},"locations":[{"start":{"line":67,"column":21},"end":{"line":74,"column":15}}]},"13":{"type":"branch","line":70,"loc":{"start":{"line":70,"column":52},"end":{"line":70,"column":88}},"locations":[{"start":{"line":70,"column":52},"end":{"line":70,"column":88}}]},"14":{"type":"branch","line":70,"loc":{"start":{"line":70,"column":84},"end":{"line":70,"column":90}},"locations":[{"start":{"line":70,"column":84},"end":{"line":70,"column":90}}]},"15":{"type":"branch","line":69,"loc":{"start":{"line":69,"column":16},"end":{"line":69,"column":53}},"locations":[{"start":{"line":69,"column":16},"end":{"line":69,"column":53}}]}},"b":{"0":[18],"1":[10],"2":[0],"3":[10],"4":[0],"5":[5],"6":[8],"7":[3],"8":[6],"9":[1],"10":[1],"11":[0],"12":[30],"13":[2],"14":[28],"15":[1]},"fnMap":{"0":{"name":"Categories","decl":{"start":{"line":18,"column":19},"end":{"line":80,"column":2}},"loc":{"start":{"line":18,"column":19},"end":{"line":80,"column":2}},"line":18},"1":{"name":"handleChangeCategory","decl":{"start":{"line":41,"column":30},"end":{"line":53,"column":3}},"loc":{"start":{"line":41,"column":30},"end":{"line":53,"column":3}},"line":41},"2":{"name":"onClick","decl":{"start":{"line":69,"column":16},"end":{"line":69,"column":53}},"loc":{"start":{"line":69,"column":16},"end":{"line":69,"column":53}},"line":69}},"f":{"0":18,"1":1,"2":1}}
,"/home/aleks/webdev/Documents/rsSchool/rs-schooll-REACT2024Q3/src/components/detailedCard/DetailedCard.tsx": {"path":"/home/aleks/webdev/Documents/rsSchool/rs-schooll-REACT2024Q3/src/components/detailedCard/DetailedCard.tsx","all":false,"statementMap":{"0":{"start":{"line":1,"column":0},"end":{"line":1,"column":58}},"1":{"start":{"line":2,"column":0},"end":{"line":2,"column":73}},"2":{"start":{"line":3,"column":0},"end":{"line":3,"column":78}},"3":{"start":{"line":4,"column":0},"end":{"line":4,"column":63}},"4":{"start":{"line":5,"column":0},"end":{"line":5,"column":60}},"5":{"start":{"line":6,"column":0},"end":{"line":6,"column":38}},"6":{"start":{"line":7,"column":0},"end":{"line":7,"column":38}},"8":{"start":{"line":9,"column":0},"end":{"line":9,"column":41}},"10":{"start":{"line":11,"column":0},"end":{"line":11,"column":40}},"12":{"start":{"line":13,"column":0},"end":{"line":13,"column":28}},"13":{"start":{"line":14,"column":0},"end":{"line":14,"column":35}},"14":{"start":{"line":15,"column":0},"end":{"line":15,"column":32}},"15":{"start":{"line":16,"column":0},"end":{"line":16,"column":40}},"16":{"start":{"line":17,"column":0},"end":{"line":17,"column":53}},"18":{"start":{"line":19,"column":0},"end":{"line":19,"column":67}},"19":{"start":{"line":20,"column":0},"end":{"line":20,"column":33}},"20":{"start":{"line":21,"column":0},"end":{"line":21,"column":21}},"21":{"start":{"line":22,"column":0},"end":{"line":22,"column":4}},"23":{"start":{"line":24,"column":0},"end":{"line":24,"column":46}},"24":{"start":{"line":25,"column":0},"end":{"line":25,"column":68}},"26":{"start":{"line":27,"column":0},"end":{"line":27,"column":40}},"27":{"start":{"line":28,"column":0},"end":{"line":28,"column":18}},"28":{"start":{"line":29,"column":0},"end":{"line":29,"column":50}},"29":{"start":{"line":30,"column":0},"end":{"line":30,"column":9}},"30":{"start":{"line":31,"column":0},"end":{"line":31,"column":5}},"31":{"start":{"line":32,"column":0},"end":{"line":32,"column":3}},"33":{"start":{"line":34,"column":0},"end":{"line":34,"column":28}},"34":{"start":{"line":35,"column":0},"end":{"line":35,"column":33}},"35":{"start":{"line":36,"column":0},"end":{"line":36,"column":32}},"36":{"start":{"line":37,"column":0},"end":{"line":37,"column":3}},"38":{"start":{"line":39,"column":0},"end":{"line":39,"column":9}},"39":{"start":{"line":40,"column":0},"end":{"line":40,"column":4}},"40":{"start":{"line":41,"column":0},"end":{"line":41,"column":44}},"41":{"start":{"line":42,"column":0},"end":{"line":42,"column":51}},"42":{"start":{"line":43,"column":0},"end":{"line":43,"column":13}},"43":{"start":{"line":44,"column":0},"end":{"line":44,"column":45}},"44":{"start":{"line":45,"column":0},"end":{"line":45,"column":38}},"45":{"start":{"line":46,"column":0},"end":{"line":46,"column":46}},"46":{"start":{"line":47,"column":0},"end":{"line":47,"column":13}},"47":{"start":{"line":48,"column":0},"end":{"line":48,"column":34}},"48":{"start":{"line":49,"column":0},"end":{"line":49,"column":28}},"49":{"start":{"line":50,"column":0},"end":{"line":50,"column":7}},"51":{"start":{"line":52,"column":0},"end":{"line":52,"column":15}},"52":{"start":{"line":53,"column":0},"end":{"line":53,"column":10}},"53":{"start":{"line":54,"column":0},"end":{"line":54,"column":55}},"54":{"start":{"line":55,"column":0},"end":{"line":55,"column":72}},"55":{"start":{"line":56,"column":0},"end":{"line":56,"column":14}},"57":{"start":{"line":58,"column":0},"end":{"line":58,"column":5}},"59":{"start":{"line":60,"column":0},"end":{"line":60,"column":2}},"61":{"start":{"line":62,"column":0},"end":{"line":62,"column":28}}},"s":{"0":1,"1":1,"2":1,"3":1,"4":1,"5":1,"6":1,"8":1,"10":1,"12":1,"13":8,"14":8,"15":8,"16":8,"18":8,"19":8,"20":8,"21":8,"23":8,"24":1,"26":1,"27":12,"28":12,"29":12,"30":1,"31":1,"33":8,"34":0,"35":0,"36":0,"38":8,"39":8,"40":8,"41":8,"42":8,"43":1,"44":1,"45":1,"46":1,"47":1,"48":1,"49":1,"51":1,"52":1,"53":1,"54":1,"55":1,"57":8,"59":8,"61":1},"branchMap":{"0":{"type":"branch","line":13,"loc":{"start":{"line":13,"column":21},"end":{"line":60,"column":2}},"locations":[{"start":{"line":13,"column":21},"end":{"line":60,"column":2}}]},"1":{"type":"branch","line":41,"loc":{"start":{"line":41,"column":5},"end":{"line":41,"column":33}},"locations":[{"start":{"line":41,"column":5},"end":{"line":41,"column":33}}]},"2":{"type":"branch","line":41,"loc":{"start":{"line":41,"column":18},"end":{"line":41,"column":44}},"locations":[{"start":{"line":41,"column":18},"end":{"line":41,"column":44}}]},"3":{"type":"branch","line":42,"loc":{"start":{"line":42,"column":4},"end":{"line":42,"column":51}},"locations":[{"start":{"line":42,"column":4},"end":{"line":42,"column":51}}]},"4":{"type":"branch","line":43,"loc":{"start":{"line":43,"column":4},"end":{"line":56,"column":14}},"locations":[{"start":{"line":43,"column":4},"end":{"line":56,"column":14}}]},"5":{"type":"branch","line":24,"loc":{"start":{"line":24,"column":20},"end":{"line":32,"column":3}},"locations":[{"start":{"line":24,"column":20},"end":{"line":32,"column":3}}]},"6":{"type":"branch","line":25,"loc":{"start":{"line":25,"column":46},"end":{"line":25,"column":66}},"locations":[{"start":{"line":25,"column":46},"end":{"line":25,"column":66}}]},"7":{"type":"branch","line":27,"loc":{"start":{"line":27,"column":21},"end":{"line":30,"column":9}},"locations":[{"start":{"line":27,"column":21},"end":{"line":30,"column":9}}]}},"b":{"0":[8],"1":[2],"2":[6],"3":[1],"4":[1],"5":[1],"6":[12],"7":[12]},"fnMap":{"0":{"name":"DetailedCard","decl":{"start":{"line":13,"column":21},"end":{"line":60,"column":2}},"loc":{"start":{"line":13,"column":21},"end":{"line":60,"column":2}},"line":13},"1":{"name":"renderData","decl":{"start":{"line":24,"column":20},"end":{"line":32,"column":3}},"loc":{"start":{"line":24,"column":20},"end":{"line":32,"column":3}},"line":24},"2":{"name":"handleClose","decl":{"start":{"line":34,"column":21},"end":{"line":37,"column":3}},"loc":{"start":{"line":34,"column":21},"end":{"line":37,"column":3}},"line":34}},"f":{"0":8,"1":1,"2":0}}
,"/home/aleks/webdev/Documents/rsSchool/rs-schooll-REACT2024Q3/src/components/downloader/Downloader.tsx": {"path":"/home/aleks/webdev/Documents/rsSchool/rs-schooll-REACT2024Q3/src/components/downloader/Downloader.tsx","all":false,"statementMap":{"0":{"start":{"line":1,"column":0},"end":{"line":1,"column":33}},"2":{"start":{"line":3,"column":0},"end":{"line":3,"column":41}},"3":{"start":{"line":4,"column":0},"end":{"line":4,"column":26}},"4":{"start":{"line":5,"column":0},"end":{"line":5,"column":30}},"5":{"start":{"line":6,"column":0},"end":{"line":6,"column":26}},"6":{"start":{"line":7,"column":0},"end":{"line":7,"column":41}},"8":{"start":{"line":9,"column":0},"end":{"line":9,"column":9}},"9":{"start":{"line":10,"column":0},"end":{"line":10,"column":35}},"10":{"start":{"line":11,"column":0},"end":{"line":11,"column":69}},"11":{"start":{"line":12,"column":0},"end":{"line":12,"column":8}},"13":{"start":{"line":14,"column":0},"end":{"line":14,"column":2}},"15":{"start":{"line":16,"column":0},"end":{"line":16,"column":26}}},"s":{"0":1,"2":1,"3":1,"4":1,"5":1,"6":9,"8":9,"9":9,"10":9,"11":9,"13":9,"15":1},"branchMap":{"0":{"type":"branch","line":6,"loc":{"start":{"line":6,"column":19},"end":{"line":14,"column":2}},"locations":[{"start":{"line":6,"column":19},"end":{"line":14,"column":2}}]},"1":{"type":"branch","line":11,"loc":{"start":{"line":11,"column":4},"end":{"line":11,"column":40}},"locations":[{"start":{"line":11,"column":4},"end":{"line":11,"column":40}}]},"2":{"type":"branch","line":11,"loc":{"start":{"line":11,"column":35},"end":{"line":11,"column":69}},"locations":[{"start":{"line":11,"column":35},"end":{"line":11,"column":69}}]}},"b":{"0":[9],"1":[2],"2":[7]},"fnMap":{"0":{"name":"Downloader","decl":{"start":{"line":6,"column":19},"end":{"line":14,"column":2}},"loc":{"start":{"line":6,"column":19},"end":{"line":14,"column":2}},"line":6}},"f":{"0":9}}
,"/home/aleks/webdev/Documents/rsSchool/rs-schooll-REACT2024Q3/src/components/downloader/Sure.tsx": {"path":"/home/aleks/webdev/Documents/rsSchool/rs-schooll-REACT2024Q3/src/components/downloader/Sure.tsx","all":false,"statementMap":{"0":{"start":{"line":1,"column":0},"end":{"line":1,"column":42}},"1":{"start":{"line":2,"column":0},"end":{"line":2,"column":57}},"2":{"start":{"line":3,"column":0},"end":{"line":3,"column":68}},"7":{"start":{"line":8,"column":0},"end":{"line":8,"column":61}},"8":{"start":{"line":9,"column":0},"end":{"line":9,"column":35}},"9":{"start":{"line":10,"column":0},"end":{"line":10,"column":9}},"10":{"start":{"line":11,"column":0},"end":{"line":11,"column":4}},"11":{"start":{"line":12,"column":0},"end":{"line":12,"column":29}},"12":{"start":{"line":13,"column":0},"end":{"line":13,"column":70}},"13":{"start":{"line":14,"column":0},"end":{"line":14,"column":53}},"14":{"start":{"line":15,"column":0},"end":{"line":15,"column":5}},"16":{"start":{"line":17,"column":0},"end":{"line":17,"column":2}},"18":{"start":{"line":19,"column":0},"end":{"line":19,"column":20}}},"s":{"0":1,"1":1,"2":1,"7":1,"8":2,"9":2,"10":2,"11":2,"12":2,"13":2,"14":2,"16":2,"18":1},"branchMap":{"0":{"type":"branch","line":8,"loc":{"start":{"line":8,"column":43},"end":{"line":17,"column":2}},"locations":[{"start":{"line":8,"column":43},"end":{"line":17,"column":2}}]},"1":{"type":"branch","line":14,"loc":{"start":{"line":14,"column":20},"end":{"line":14,"column":42}},"locations":[{"start":{"line":14,"column":20},"end":{"line":14,"column":42}}]}},"b":{"0":[2],"1":[1]},"fnMap":{"0":{"name":"Sure","decl":{"start":{"line":8,"column":43},"end":{"line":17,"column":2}},"loc":{"start":{"line":8,"column":43},"end":{"line":17,"column":2}},"line":8},"1":{"name":"onClick","decl":{"start":{"line":13,"column":20},"end":{"line":13,"column":58}},"loc":{"start":{"line":13,"column":20},"end":{"line":13,"column":58}},"line":13},"2":{"name":"onClick","decl":{"start":{"line":14,"column":20},"end":{"line":14,"column":42}},"loc":{"start":{"line":14,"column":20},"end":{"line":14,"column":42}},"line":14}},"f":{"0":2,"1":0,"2":1}}
,"/home/aleks/webdev/Documents/rsSchool/rs-schooll-REACT2024Q3/src/components/downloader/UnSure.tsx": {"path":"/home/aleks/webdev/Documents/rsSchool/rs-schooll-REACT2024Q3/src/components/downloader/UnSure.tsx","all":false,"statementMap":{"0":{"start":{"line":1,"column":0},"end":{"line":1,"column":36}},"1":{"start":{"line":2,"column":0},"end":{"line":2,"column":57}},"3":{"start":{"line":4,"column":0},"end":{"line":4,"column":41}},"10":{"start":{"line":11,"column":0},"end":{"line":11,"column":65}},"11":{"start":{"line":12,"column":0},"end":{"line":12,"column":66}},"13":{"start":{"line":14,"column":0},"end":{"line":14,"column":68}},"15":{"start":{"line":16,"column":0},"end":{"line":16,"column":9}},"16":{"start":{"line":17,"column":0},"end":{"line":17,"column":4}},"17":{"start":{"line":18,"column":0},"end":{"line":18,"column":37}},"18":{"start":{"line":19,"column":0},"end":{"line":19,"column":9}},"19":{"start":{"line":20,"column":0},"end":{"line":20,"column":70}},"20":{"start":{"line":21,"column":0},"end":{"line":21,"column":32}},"22":{"start":{"line":23,"column":0},"end":{"line":23,"column":27}},"23":{"start":{"line":24,"column":0},"end":{"line":24,"column":11}},"24":{"start":{"line":25,"column":0},"end":{"line":25,"column":9}},"25":{"start":{"line":26,"column":0},"end":{"line":26,"column":57}},"26":{"start":{"line":27,"column":0},"end":{"line":27,"column":20}},"27":{"start":{"line":28,"column":0},"end":{"line":28,"column":10}},"28":{"start":{"line":29,"column":0},"end":{"line":29,"column":9}},"29":{"start":{"line":30,"column":0},"end":{"line":30,"column":34}},"30":{"start":{"line":31,"column":0},"end":{"line":31,"column":11}},"31":{"start":{"line":32,"column":0},"end":{"line":32,"column":33}},"32":{"start":{"line":33,"column":0},"end":{"line":33,"column":34}},"33":{"start":{"line":34,"column":0},"end":{"line":34,"column":5}},"35":{"start":{"line":36,"column":0},"end":{"line":36,"column":13}},"36":{"start":{"line":37,"column":0},"end":{"line":37,"column":12}},"37":{"start":{"line":38,"column":0},"end":{"line":38,"column":35}},"38":{"start":{"line":39,"column":0},"end":{"line":39,"column":25}},"39":{"start":{"line":40,"column":0},"end":{"line":40,"column":24}},"40":{"start":{"line":41,"column":0},"end":{"line":41,"column":5}},"42":{"start":{"line":43,"column":0},"end":{"line":43,"column":14}},"43":{"start":{"line":44,"column":0},"end":{"line":44,"column":9}},"44":{"start":{"line":45,"column":0},"end":{"line":45,"column":5}},"46":{"start":{"line":47,"column":0},"end":{"line":47,"column":2}},"48":{"start":{"line":49,"column":0},"end":{"line":49,"column":22}}},"s":{"0":1,"1":1,"3":1,"10":1,"11":7,"13":7,"15":7,"16":7,"17":7,"18":7,"19":7,"20":7,"22":7,"23":7,"24":7,"25":7,"26":7,"27":7,"28":7,"29":7,"30":7,"31":7,"32":7,"33":7,"35":7,"36":7,"37":7,"38":7,"39":7,"40":7,"42":7,"43":7,"44":7,"46":7,"48":1},"branchMap":{"0":{"type":"branch","line":11,"loc":{"start":{"line":11,"column":47},"end":{"line":47,"column":2}},"locations":[{"start":{"line":11,"column":47},"end":{"line":47,"column":2}}]},"1":{"type":"branch","line":26,"loc":{"start":{"line":26,"column":29},"end":{"line":26,"column":47}},"locations":[{"start":{"line":26,"column":29},"end":{"line":26,"column":47}}]},"2":{"type":"branch","line":26,"loc":{"start":{"line":26,"column":33},"end":{"line":26,"column":57}},"locations":[{"start":{"line":26,"column":33},"end":{"line":26,"column":57}}]},"3":{"type":"branch","line":12,"loc":{"start":{"line":12,"column":42},"end":{"line":12,"column":64}},"locations":[{"start":{"line":12,"column":42},"end":{"line":12,"column":64}}]},"4":{"type":"branch","line":33,"loc":{"start":{"line":33,"column":14},"end":{"line":33,"column":34}},"locations":[{"start":{"line":33,"column":14},"end":{"line":33,"column":34}}]}},"b":{"0":[7],"1":[6],"2":[1],"3":[14],"4":[2]},"fnMap":{"0":{"name":"UnSure","decl":{"start":{"line":11,"column":47},"end":{"line":47,"column":2}},"loc":{"start":{"line":11,"column":47},"end":{"line":47,"column":2}},"line":11},"1":{"name":"onClick","decl":{"start":{"line":33,"column":14},"end":{"line":33,"column":34}},"loc":{"start":{"line":33,"column":14},"end":{"line":33,"column":34}},"line":33}},"f":{"0":7,"1":2}}
,"/home/aleks/webdev/Documents/rsSchool/rs-schooll-REACT2024Q3/src/components/error/errorFallBack/ErrorFallBack.tsx": {"path":"/home/aleks/webdev/Documents/rsSchool/rs-schooll-REACT2024Q3/src/components/error/errorFallBack/ErrorFallBack.tsx","all":false,"statementMap":{"0":{"start":{"line":1,"column":0},"end":{"line":1,"column":47}},"1":{"start":{"line":2,"column":0},"end":{"line":2,"column":41}},"3":{"start":{"line":4,"column":0},"end":{"line":4,"column":29}},"4":{"start":{"line":5,"column":0},"end":{"line":5,"column":32}},"5":{"start":{"line":6,"column":0},"end":{"line":6,"column":29}},"7":{"start":{"line":8,"column":0},"end":{"line":8,"column":16}},"8":{"start":{"line":9,"column":0},"end":{"line":9,"column":3}},"10":{"start":{"line":11,"column":0},"end":{"line":11,"column":9}},"11":{"start":{"line":12,"column":0},"end":{"line":12,"column":30}},"12":{"start":{"line":13,"column":0},"end":{"line":13,"column":57}},"13":{"start":{"line":14,"column":0},"end":{"line":14,"column":77}},"14":{"start":{"line":15,"column":0},"end":{"line":15,"column":31}},"15":{"start":{"line":16,"column":0},"end":{"line":16,"column":8}},"16":{"start":{"line":17,"column":0},"end":{"line":17,"column":16}},"17":{"start":{"line":18,"column":0},"end":{"line":18,"column":17}},"18":{"start":{"line":19,"column":0},"end":{"line":19,"column":21}},"19":{"start":{"line":20,"column":0},"end":{"line":20,"column":16}},"20":{"start":{"line":21,"column":0},"end":{"line":21,"column":6}},"21":{"start":{"line":22,"column":0},"end":{"line":22,"column":9}},"22":{"start":{"line":23,"column":0},"end":{"line":23,"column":53}},"23":{"start":{"line":24,"column":0},"end":{"line":24,"column":8}},"25":{"start":{"line":26,"column":0},"end":{"line":26,"column":2}},"27":{"start":{"line":28,"column":0},"end":{"line":28,"column":29}}},"s":{"0":1,"1":1,"3":1,"4":3,"5":3,"7":1,"8":1,"10":3,"11":3,"12":3,"13":3,"14":3,"15":3,"16":3,"17":3,"18":3,"19":3,"20":3,"21":3,"22":3,"23":3,"25":3,"27":1},"branchMap":{"0":{"type":"branch","line":4,"loc":{"start":{"line":4,"column":22},"end":{"line":26,"column":2}},"locations":[{"start":{"line":4,"column":22},"end":{"line":26,"column":2}}]},"1":{"type":"branch","line":6,"loc":{"start":{"line":6,"column":22},"end":{"line":9,"column":3}},"locations":[{"start":{"line":6,"column":22},"end":{"line":9,"column":3}}]}},"b":{"0":[3],"1":[1]},"fnMap":{"0":{"name":"ErrorFallBack","decl":{"start":{"line":4,"column":22},"end":{"line":26,"column":2}},"loc":{"start":{"line":4,"column":22},"end":{"line":26,"column":2}},"line":4},"1":{"name":"handleReload","decl":{"start":{"line":6,"column":22},"end":{"line":9,"column":3}},"loc":{"start":{"line":6,"column":22},"end":{"line":9,"column":3}},"line":6}},"f":{"0":3,"1":1}}
,"/home/aleks/webdev/Documents/rsSchool/rs-schooll-REACT2024Q3/src/components/intro/Intro.tsx": {"path":"/home/aleks/webdev/Documents/rsSchool/rs-schooll-REACT2024Q3/src/components/intro/Intro.tsx","all":false,"statementMap":{"0":{"start":{"line":1,"column":0},"end":{"line":1,"column":41}},"1":{"start":{"line":2,"column":0},"end":{"line":2,"column":21}},"2":{"start":{"line":3,"column":0},"end":{"line":3,"column":9}},"3":{"start":{"line":4,"column":0},"end":{"line":4,"column":33}},"4":{"start":{"line":5,"column":0},"end":{"line":5,"column":38}},"5":{"start":{"line":6,"column":0},"end":{"line":6,"column":45}},"6":{"start":{"line":7,"column":0},"end":{"line":7,"column":39}},"7":{"start":{"line":8,"column":0},"end":{"line":8,"column":49}},"8":{"start":{"line":9,"column":0},"end":{"line":9,"column":11}},"11":{"start":{"line":12,"column":0},"end":{"line":12,"column":12}},"13":{"start":{"line":14,"column":0},"end":{"line":14,"column":70}},"14":{"start":{"line":15,"column":0},"end":{"line":15,"column":10}},"18":{"start":{"line":19,"column":0},"end":{"line":19,"column":11}},"19":{"start":{"line":20,"column":0},"end":{"line":20,"column":10}},"29":{"start":{"line":30,"column":0},"end":{"line":30,"column":11}},"31":{"start":{"line":32,"column":0},"end":{"line":32,"column":10}},"37":{"start":{"line":38,"column":0},"end":{"line":38,"column":11}},"39":{"start":{"line":40,"column":0},"end":{"line":40,"column":10}},"46":{"start":{"line":47,"column":0},"end":{"line":47,"column":11}},"48":{"start":{"line":49,"column":0},"end":{"line":49,"column":10}},"55":{"start":{"line":56,"column":0},"end":{"line":56,"column":11}},"57":{"start":{"line":58,"column":0},"end":{"line":58,"column":10}},"64":{"start":{"line":65,"column":0},"end":{"line":65,"column":11}},"66":{"start":{"line":67,"column":0},"end":{"line":67,"column":10}},"73":{"start":{"line":74,"column":0},"end":{"line":74,"column":11}},"75":{"start":{"line":76,"column":0},"end":{"line":76,"column":10}},"80":{"start":{"line":81,"column":0},"end":{"line":81,"column":11}},"82":{"start":{"line":83,"column":0},"end":{"line":83,"column":10}},"88":{"start":{"line":89,"column":0},"end":{"line":89,"column":11}},"90":{"start":{"line":91,"column":0},"end":{"line":91,"column":10}},"97":{"start":{"line":98,"column":0},"end":{"line":98,"column":11}},"99":{"start":{"line":100,"column":0},"end":{"line":100,"column":10}},"103":{"start":{"line":104,"column":0},"end":{"line":104,"column":11}},"105":{"start":{"line":106,"column":0},"end":{"line":106,"column":69}},"106":{"start":{"line":107,"column":0},"end":{"line":107,"column":12}},"107":{"start":{"line":108,"column":0},"end":{"line":108,"column":11}},"108":{"start":{"line":109,"column":0},"end":{"line":109,"column":10}},"109":{"start":{"line":110,"column":0},"end":{"line":110,"column":9}},"110":{"start":{"line":111,"column":0},"end":{"line":111,"column":8}},"112":{"start":{"line":113,"column":0},"end":{"line":113,"column":2}},"114":{"start":{"line":115,"column":0},"end":{"line":115,"column":21}}},"s":{"0":1,"1":1,"2":1,"3":1,"4":1,"5":1,"6":1,"7":1,"8":1,"11":1,"13":1,"14":1,"18":1,"19":1,"29":1,"31":1,"37":1,"39":1,"46":1,"48":1,"55":1,"57":1,"64":1,"66":1,"73":1,"75":1,"80":1,"82":1,"88":1,"90":1,"97":1,"99":1,"103":1,"105":1,"106":1,"107":1,"108":1,"109":1,"110":1,"112":1,"114":1},"branchMap":{"0":{"type":"branch","line":2,"loc":{"start":{"line":2,"column":14},"end":{"line":113,"column":2}},"locations":[{"start":{"line":2,"column":14},"end":{"line":113,"column":2}}]}},"b":{"0":[1]},"fnMap":{"0":{"name":"Intro","decl":{"start":{"line":2,"column":14},"end":{"line":113,"column":2}},"loc":{"start":{"line":2,"column":14},"end":{"line":113,"column":2}},"line":2}},"f":{"0":1}}
,"/home/aleks/webdev/Documents/rsSchool/rs-schooll-REACT2024Q3/src/components/layout/footer/Footer.tsx": {"path":"/home/aleks/webdev/Documents/rsSchool/rs-schooll-REACT2024Q3/src/components/layout/footer/Footer.tsx","all":false,"statementMap":{"0":{"start":{"line":1,"column":0},"end":{"line":1,"column":41}},"2":{"start":{"line":3,"column":0},"end":{"line":3,"column":22}},"3":{"start":{"line":4,"column":0},"end":{"line":4,"column":9}},"4":{"start":{"line":5,"column":0},"end":{"line":5,"column":39}},"5":{"start":{"line":6,"column":0},"end":{"line":6,"column":5}},"6":{"start":{"line":7,"column":0},"end":{"line":7,"column":43}},"7":{"start":{"line":8,"column":0},"end":{"line":8,"column":19}},"8":{"start":{"line":9,"column":0},"end":{"line":9,"column":20}},"9":{"start":{"line":10,"column":0},"end":{"line":10,"column":4}},"11":{"start":{"line":12,"column":0},"end":{"line":12,"column":7}},"12":{"start":{"line":13,"column":0},"end":{"line":13,"column":43}},"13":{"start":{"line":14,"column":0},"end":{"line":14,"column":11}},"15":{"start":{"line":16,"column":0},"end":{"line":16,"column":2}},"17":{"start":{"line":18,"column":0},"end":{"line":18,"column":22}}},"s":{"0":1,"2":1,"3":2,"4":2,"5":2,"6":2,"7":2,"8":2,"9":2,"11":2,"12":2,"13":2,"15":2,"17":1},"branchMap":{"0":{"type":"branch","line":3,"loc":{"start":{"line":3,"column":15},"end":{"line":16,"column":2}},"locations":[{"start":{"line":3,"column":15},"end":{"line":16,"column":2}}]}},"b":{"0":[2]},"fnMap":{"0":{"name":"Footer","decl":{"start":{"line":3,"column":15},"end":{"line":16,"column":2}},"loc":{"start":{"line":3,"column":15},"end":{"line":16,"column":2}},"line":3}},"f":{"0":2}}
,"/home/aleks/webdev/Documents/rsSchool/rs-schooll-REACT2024Q3/src/components/layout/header/Header.tsx": {"path":"/home/aleks/webdev/Documents/rsSchool/rs-schooll-REACT2024Q3/src/components/layout/header/Header.tsx","all":false,"statementMap":{"0":{"start":{"line":1,"column":0},"end":{"line":1,"column":41}},"1":{"start":{"line":2,"column":0},"end":{"line":2,"column":59}},"2":{"start":{"line":3,"column":0},"end":{"line":3,"column":56}},"3":{"start":{"line":4,"column":0},"end":{"line":4,"column":35}},"5":{"start":{"line":6,"column":0},"end":{"line":6,"column":22}},"6":{"start":{"line":7,"column":0},"end":{"line":7,"column":9}},"7":{"start":{"line":8,"column":0},"end":{"line":8,"column":9}},"8":{"start":{"line":9,"column":0},"end":{"line":9,"column":31}},"9":{"start":{"line":10,"column":0},"end":{"line":10,"column":43}},"11":{"start":{"line":12,"column":0},"end":{"line":12,"column":11}},"12":{"start":{"line":13,"column":0},"end":{"line":13,"column":19}},"13":{"start":{"line":14,"column":0},"end":{"line":14,"column":18}},"14":{"start":{"line":15,"column":0},"end":{"line":15,"column":11}},"16":{"start":{"line":17,"column":0},"end":{"line":17,"column":2}},"18":{"start":{"line":19,"column":0},"end":{"line":19,"column":22}}},"s":{"0":1,"1":1,"2":1,"3":1,"5":1,"6":2,"7":2,"8":2,"9":2,"11":2,"12":2,"13":2,"14":2,"16":2,"18":1},"branchMap":{"0":{"type":"branch","line":6,"loc":{"start":{"line":6,"column":15},"end":{"line":17,"column":2}},"locations":[{"start":{"line":6,"column":15},"end":{"line":17,"column":2}}]}},"b":{"0":[2]},"fnMap":{"0":{"name":"Header","decl":{"start":{"line":6,"column":15},"end":{"line":17,"column":2}},"loc":{"start":{"line":6,"column":15},"end":{"line":17,"column":2}},"line":6}},"f":{"0":2}}
,"/home/aleks/webdev/Documents/rsSchool/rs-schooll-REACT2024Q3/src/components/loader/loader.tsx": {"path":"/home/aleks/webdev/Documents/rsSchool/rs-schooll-REACT2024Q3/src/components/loader/loader.tsx","all":false,"statementMap":{"0":{"start":{"line":1,"column":0},"end":{"line":1,"column":41}},"1":{"start":{"line":2,"column":0},"end":{"line":2,"column":22}},"2":{"start":{"line":3,"column":0},"end":{"line":3,"column":9}},"3":{"start":{"line":4,"column":0},"end":{"line":4,"column":6}},"4":{"start":{"line":5,"column":0},"end":{"line":5,"column":15}},"5":{"start":{"line":6,"column":0},"end":{"line":6,"column":25}},"7":{"start":{"line":8,"column":0},"end":{"line":8,"column":39}},"8":{"start":{"line":9,"column":0},"end":{"line":9,"column":31}},"9":{"start":{"line":10,"column":0},"end":{"line":10,"column":8}},"10":{"start":{"line":11,"column":0},"end":{"line":11,"column":18}},"11":{"start":{"line":12,"column":0},"end":{"line":12,"column":19}},"12":{"start":{"line":13,"column":0},"end":{"line":13,"column":20}},"13":{"start":{"line":14,"column":0},"end":{"line":14,"column":24}},"14":{"start":{"line":15,"column":0},"end":{"line":15,"column":6}},"15":{"start":{"line":16,"column":0},"end":{"line":16,"column":9}},"16":{"start":{"line":17,"column":0},"end":{"line":17,"column":8}},"18":{"start":{"line":19,"column":0},"end":{"line":19,"column":2}},"20":{"start":{"line":21,"column":0},"end":{"line":21,"column":22}}},"s":{"0":1,"1":1,"2":13,"3":13,"4":13,"5":13,"7":13,"8":13,"9":13,"10":13,"11":13,"12":13,"13":13,"14":13,"15":13,"16":13,"18":13,"20":1},"branchMap":{"0":{"type":"branch","line":2,"loc":{"start":{"line":2,"column":15},"end":{"line":19,"column":2}},"locations":[{"start":{"line":2,"column":15},"end":{"line":19,"column":2}}]}},"b":{"0":[13]},"fnMap":{"0":{"name":"Loader","decl":{"start":{"line":2,"column":15},"end":{"line":19,"column":2}},"loc":{"start":{"line":2,"column":15},"end":{"line":19,"column":2}},"line":2}},"f":{"0":13}}
,"/home/aleks/webdev/Documents/rsSchool/rs-schooll-REACT2024Q3/src/components/logo/Logo.tsx": {"path":"/home/aleks/webdev/Documents/rsSchool/rs-schooll-REACT2024Q3/src/components/logo/Logo.tsx","all":false,"statementMap":{"0":{"start":{"line":1,"column":0},"end":{"line":1,"column":33}},"2":{"start":{"line":3,"column":0},"end":{"line":3,"column":41}},"4":{"start":{"line":5,"column":0},"end":{"line":5,"column":20}},"5":{"start":{"line":6,"column":0},"end":{"line":6,"column":65}},"7":{"start":{"line":8,"column":0},"end":{"line":8,"column":9}},"8":{"start":{"line":9,"column":0},"end":{"line":9,"column":34}},"9":{"start":{"line":10,"column":0},"end":{"line":10,"column":5}},"10":{"start":{"line":11,"column":0},"end":{"line":11,"column":19}},"11":{"start":{"line":12,"column":0},"end":{"line":12,"column":19}},"12":{"start":{"line":13,"column":0},"end":{"line":13,"column":20}},"13":{"start":{"line":14,"column":0},"end":{"line":14,"column":51}},"15":{"start":{"line":16,"column":0},"end":{"line":16,"column":64}},"16":{"start":{"line":17,"column":0},"end":{"line":17,"column":26}},"17":{"start":{"line":18,"column":0},"end":{"line":18,"column":7}},"18":{"start":{"line":19,"column":0},"end":{"line":19,"column":8}},"20":{"start":{"line":21,"column":0},"end":{"line":21,"column":2}},"22":{"start":{"line":23,"column":0},"end":{"line":23,"column":20}}},"s":{"0":1,"2":1,"4":1,"5":3,"7":3,"8":3,"9":3,"10":3,"11":3,"12":3,"13":3,"15":3,"16":3,"17":3,"18":3,"20":3,"22":1},"branchMap":{"0":{"type":"branch","line":5,"loc":{"start":{"line":5,"column":13},"end":{"line":21,"column":2}},"locations":[{"start":{"line":5,"column":13},"end":{"line":21,"column":2}}]}},"b":{"0":[3]},"fnMap":{"0":{"name":"Logo","decl":{"start":{"line":5,"column":13},"end":{"line":21,"column":2}},"loc":{"start":{"line":5,"column":13},"end":{"line":21,"column":2}},"line":5}},"f":{"0":3}}
,"/home/aleks/webdev/Documents/rsSchool/rs-schooll-REACT2024Q3/src/components/pagination/Pagination.tsx": {"path":"/home/aleks/webdev/Documents/rsSchool/rs-schooll-REACT2024Q3/src/components/pagination/Pagination.tsx","all":false,"statementMap":{"0":{"start":{"line":1,"column":0},"end":{"line":1,"column":73}},"1":{"start":{"line":2,"column":0},"end":{"line":2,"column":60}},"3":{"start":{"line":4,"column":0},"end":{"line":4,"column":36}},"4":{"start":{"line":5,"column":0},"end":{"line":5,"column":41}},"5":{"start":{"line":6,"column":0},"end":{"line":6,"column":60}},"7":{"start":{"line":8,"column":0},"end":{"line":8,"column":26}},"8":{"start":{"line":9,"column":0},"end":{"line":9,"column":35}},"9":{"start":{"line":10,"column":0},"end":{"line":10,"column":71}},"11":{"start":{"line":12,"column":0},"end":{"line":12,"column":42}},"12":{"start":{"line":13,"column":0},"end":{"line":13,"column":17}},"13":{"start":{"line":14,"column":0},"end":{"line":14,"column":18}},"14":{"start":{"line":15,"column":0},"end":{"line":15,"column":28}},"15":{"start":{"line":16,"column":0},"end":{"line":16,"column":4}},"16":{"start":{"line":17,"column":0},"end":{"line":17,"column":10}},"17":{"start":{"line":18,"column":0},"end":{"line":18,"column":50}},"18":{"start":{"line":19,"column":0},"end":{"line":19,"column":3}},"19":{"start":{"line":20,"column":0},"end":{"line":20,"column":3}},"21":{"start":{"line":22,"column":0},"end":{"line":22,"column":9}},"22":{"start":{"line":23,"column":0},"end":{"line":23,"column":6}},"23":{"start":{"line":24,"column":0},"end":{"line":24,"column":35}},"24":{"start":{"line":25,"column":0},"end":{"line":25,"column":37}},"26":{"start":{"line":27,"column":0},"end":{"line":27,"column":46}},"27":{"start":{"line":28,"column":0},"end":{"line":28,"column":47}},"28":{"start":{"line":29,"column":0},"end":{"line":29,"column":12}},"29":{"start":{"line":30,"column":0},"end":{"line":30,"column":27}},"30":{"start":{"line":31,"column":0},"end":{"line":31,"column":22}},"31":{"start":{"line":32,"column":0},"end":{"line":32,"column":28}},"32":{"start":{"line":33,"column":0},"end":{"line":33,"column":8}},"33":{"start":{"line":34,"column":0},"end":{"line":34,"column":32}},"34":{"start":{"line":35,"column":0},"end":{"line":35,"column":6}},"36":{"start":{"line":37,"column":0},"end":{"line":37,"column":14}},"37":{"start":{"line":38,"column":0},"end":{"line":38,"column":9}},"38":{"start":{"line":39,"column":0},"end":{"line":39,"column":75}},"39":{"start":{"line":40,"column":0},"end":{"line":40,"column":43}},"40":{"start":{"line":41,"column":0},"end":{"line":41,"column":44}},"41":{"start":{"line":42,"column":0},"end":{"line":42,"column":11}},"42":{"start":{"line":43,"column":0},"end":{"line":43,"column":43}},"44":{"start":{"line":45,"column":0},"end":{"line":45,"column":12}},"45":{"start":{"line":46,"column":0},"end":{"line":46,"column":26}},"46":{"start":{"line":47,"column":0},"end":{"line":47,"column":13}},"47":{"start":{"line":48,"column":0},"end":{"line":48,"column":11}},"48":{"start":{"line":49,"column":0},"end":{"line":49,"column":9}},"49":{"start":{"line":50,"column":0},"end":{"line":50,"column":47}},"50":{"start":{"line":51,"column":0},"end":{"line":51,"column":12}},"51":{"start":{"line":52,"column":0},"end":{"line":52,"column":35}},"52":{"start":{"line":53,"column":0},"end":{"line":53,"column":41}},"53":{"start":{"line":54,"column":0},"end":{"line":54,"column":28}},"54":{"start":{"line":55,"column":0},"end":{"line":55,"column":6}},"56":{"start":{"line":57,"column":0},"end":{"line":57,"column":14}},"57":{"start":{"line":58,"column":0},"end":{"line":58,"column":9}},"58":{"start":{"line":59,"column":0},"end":{"line":59,"column":8}},"59":{"start":{"line":60,"column":0},"end":{"line":60,"column":8}},"61":{"start":{"line":62,"column":0},"end":{"line":62,"column":2}},"63":{"start":{"line":64,"column":0},"end":{"line":64,"column":26}}},"s":{"0":1,"1":1,"3":1,"4":1,"5":1,"7":1,"8":15,"9":15,"11":15,"12":2,"13":1,"14":1,"15":1,"16":1,"17":1,"18":1,"19":2,"21":15,"22":15,"23":15,"24":15,"26":15,"27":15,"28":15,"29":15,"30":15,"31":1,"32":1,"33":15,"34":15,"36":15,"37":15,"38":15,"39":15,"40":15,"41":15,"42":15,"44":15,"45":15,"46":15,"47":15,"48":15,"49":15,"50":15,"51":15,"52":15,"53":15,"54":15,"56":15,"57":15,"58":15,"59":15,"61":15,"63":1},"branchMap":{"0":{"type":"branch","line":8,"loc":{"start":{"line":8,"column":19},"end":{"line":62,"column":2}},"locations":[{"start":{"line":8,"column":19},"end":{"line":62,"column":2}}]},"1":{"type":"branch","line":12,"loc":{"start":{"line":12,"column":26},"end":{"line":20,"column":3}},"locations":[{"start":{"line":12,"column":26},"end":{"line":20,"column":3}}]},"2":{"type":"branch","line":13,"loc":{"start":{"line":13,"column":16},"end":{"line":19,"column":3}},"locations":[{"start":{"line":13,"column":16},"end":{"line":19,"column":3}}]},"3":{"type":"branch","line":31,"loc":{"start":{"line":31,"column":15},"end":{"line":33,"column":8}},"locations":[{"start":{"line":31,"column":15},"end":{"line":33,"column":8}}]},"4":{"type":"branch","line":53,"loc":{"start":{"line":53,"column":15},"end":{"line":53,"column":41}},"locations":[{"start":{"line":53,"column":15},"end":{"line":53,"column":41}}]}},"b":{"0":[15],"1":[2],"2":[1],"3":[1],"4":[1]},"fnMap":{"0":{"name":"Pagination","decl":{"start":{"line":8,"column":19},"end":{"line":62,"column":2}},"loc":{"start":{"line":8,"column":19},"end":{"line":62,"column":2}},"line":8},"1":{"name":"handleChangePage","decl":{"start":{"line":12,"column":26},"end":{"line":20,"column":3}},"loc":{"start":{"line":12,"column":26},"end":{"line":20,"column":3}},"line":12},"2":{"name":"onClick","decl":{"start":{"line":31,"column":15},"end":{"line":33,"column":8}},"loc":{"start":{"line":31,"column":15},"end":{"line":33,"column":8}},"line":31},"3":{"name":"onClick","decl":{"start":{"line":53,"column":15},"end":{"line":53,"column":41}},"loc":{"start":{"line":53,"column":15},"end":{"line":53,"column":41}},"line":53}},"f":{"0":15,"1":2,"2":1,"3":1}}
,"/home/aleks/webdev/Documents/rsSchool/rs-schooll-REACT2024Q3/src/components/searchBar/SearchBar.tsx": {"path":"/home/aleks/webdev/Documents/rsSchool/rs-schooll-REACT2024Q3/src/components/searchBar/SearchBar.tsx","all":false,"statementMap":{"0":{"start":{"line":1,"column":0},"end":{"line":1,"column":68}},"2":{"start":{"line":3,"column":0},"end":{"line":3,"column":41}},"3":{"start":{"line":4,"column":0},"end":{"line":4,"column":73}},"8":{"start":{"line":9,"column":0},"end":{"line":9,"column":40}},"9":{"start":{"line":10,"column":0},"end":{"line":10,"column":60}},"10":{"start":{"line":11,"column":0},"end":{"line":11,"column":70}},"11":{"start":{"line":12,"column":0},"end":{"line":12,"column":58}},"13":{"start":{"line":14,"column":0},"end":{"line":14,"column":25}},"14":{"start":{"line":15,"column":0},"end":{"line":15,"column":77}},"15":{"start":{"line":16,"column":0},"end":{"line":16,"column":35}},"16":{"start":{"line":17,"column":0},"end":{"line":17,"column":32}},"18":{"start":{"line":19,"column":0},"end":{"line":19,"column":40}},"20":{"start":{"line":21,"column":0},"end":{"line":21,"column":54}},"22":{"start":{"line":23,"column":0},"end":{"line":23,"column":68}},"23":{"start":{"line":24,"column":0},"end":{"line":24,"column":57}},"25":{"start":{"line":26,"column":0},"end":{"line":26,"column":71}},"26":{"start":{"line":27,"column":0},"end":{"line":27,"column":24}},"27":{"start":{"line":28,"column":0},"end":{"line":28,"column":36}},"28":{"start":{"line":29,"column":0},"end":{"line":29,"column":3}},"29":{"start":{"line":30,"column":0},"end":{"line":30,"column":3}},"31":{"start":{"line":32,"column":0},"end":{"line":32,"column":58}},"32":{"start":{"line":33,"column":0},"end":{"line":33,"column":21}},"33":{"start":{"line":34,"column":0},"end":{"line":34,"column":32}},"34":{"start":{"line":35,"column":0},"end":{"line":35,"column":34}},"36":{"start":{"line":37,"column":0},"end":{"line":37,"column":15}},"37":{"start":{"line":38,"column":0},"end":{"line":38,"column":43}},"38":{"start":{"line":39,"column":0},"end":{"line":39,"column":36}},"39":{"start":{"line":40,"column":0},"end":{"line":40,"column":25}},"40":{"start":{"line":41,"column":0},"end":{"line":41,"column":10}},"41":{"start":{"line":42,"column":0},"end":{"line":42,"column":3}},"43":{"start":{"line":44,"column":0},"end":{"line":44,"column":78}},"45":{"start":{"line":46,"column":0},"end":{"line":46,"column":31}},"46":{"start":{"line":47,"column":0},"end":{"line":47,"column":42}},"47":{"start":{"line":48,"column":0},"end":{"line":48,"column":3}},"49":{"start":{"line":50,"column":0},"end":{"line":50,"column":18}},"50":{"start":{"line":51,"column":0},"end":{"line":51,"column":47}},"51":{"start":{"line":52,"column":0},"end":{"line":52,"column":26}},"52":{"start":{"line":53,"column":0},"end":{"line":53,"column":11}},"54":{"start":{"line":55,"column":0},"end":{"line":55,"column":48}},"55":{"start":{"line":56,"column":0},"end":{"line":56,"column":20}},"57":{"start":{"line":58,"column":0},"end":{"line":58,"column":18}},"58":{"start":{"line":59,"column":0},"end":{"line":59,"column":45}},"59":{"start":{"line":60,"column":0},"end":{"line":60,"column":32}},"60":{"start":{"line":61,"column":0},"end":{"line":61,"column":37}},"61":{"start":{"line":62,"column":0},"end":{"line":62,"column":44}},"62":{"start":{"line":63,"column":0},"end":{"line":63,"column":4}},"63":{"start":{"line":64,"column":0},"end":{"line":64,"column":11}},"65":{"start":{"line":66,"column":0},"end":{"line":66,"column":46}},"66":{"start":{"line":67,"column":0},"end":{"line":67,"column":55}},"68":{"start":{"line":69,"column":0},"end":{"line":69,"column":9}},"69":{"start":{"line":70,"column":0},"end":{"line":70,"column":4}},"70":{"start":{"line":71,"column":0},"end":{"line":71,"column":8}},"71":{"start":{"line":72,"column":0},"end":{"line":72,"column":33}},"72":{"start":{"line":73,"column":0},"end":{"line":73,"column":27}},"74":{"start":{"line":75,"column":0},"end":{"line":75,"column":52}},"75":{"start":{"line":76,"column":0},"end":{"line":76,"column":10}},"76":{"start":{"line":77,"column":0},"end":{"line":77,"column":38}},"77":{"start":{"line":78,"column":0},"end":{"line":78,"column":19}},"78":{"start":{"line":79,"column":0},"end":{"line":79,"column":18}},"79":{"start":{"line":80,"column":0},"end":{"line":80,"column":18}},"80":{"start":{"line":81,"column":0},"end":{"line":81,"column":16}},"81":{"start":{"line":82,"column":0},"end":{"line":82,"column":32}},"82":{"start":{"line":83,"column":0},"end":{"line":83,"column":6}},"83":{"start":{"line":84,"column":0},"end":{"line":84,"column":41}},"84":{"start":{"line":85,"column":0},"end":{"line":85,"column":10}},"85":{"start":{"line":86,"column":0},"end":{"line":86,"column":60}},"86":{"start":{"line":87,"column":0},"end":{"line":87,"column":5}},"88":{"start":{"line":89,"column":0},"end":{"line":89,"column":2}},"90":{"start":{"line":91,"column":0},"end":{"line":91,"column":25}}},"s":{"0":1,"2":1,"3":1,"8":1,"9":1,"10":1,"11":1,"13":1,"14":23,"15":23,"16":23,"18":23,"20":23,"22":23,"23":23,"25":23,"26":19,"27":19,"28":19,"29":19,"31":23,"32":1,"33":1,"34":1,"36":1,"37":0,"38":0,"39":0,"40":0,"41":0,"43":1,"45":0,"46":0,"47":1,"49":23,"50":4,"51":0,"52":4,"54":4,"55":23,"57":23,"58":23,"59":0,"60":0,"61":0,"62":0,"63":23,"65":23,"66":23,"68":23,"69":23,"70":23,"71":23,"72":23,"74":23,"75":23,"76":23,"77":23,"78":23,"79":23,"80":23,"81":23,"82":23,"83":23,"84":23,"85":23,"86":23,"88":23,"90":1},"branchMap":{"0":{"type":"branch","line":14,"loc":{"start":{"line":14,"column":18},"end":{"line":89,"column":2}},"locations":[{"start":{"line":14,"column":18},"end":{"line":89,"column":2}}]},"1":{"type":"branch","line":86,"loc":{"start":{"line":86,"column":4},"end":{"line":86,"column":60}},"locations":[{"start":{"line":86,"column":4},"end":{"line":86,"column":60}}]},"2":{"type":"branch","line":26,"loc":{"start":{"line":26,"column":32},"end":{"line":30,"column":3}},"locations":[{"start":{"line":26,"column":32},"end":{"line":30,"column":3}}]},"3":{"type":"branch","line":32,"loc":{"start":{"line":32,"column":22},"end":{"line":48,"column":3}},"locations":[{"start":{"line":32,"column":22},"end":{"line":48,"column":3}}]},"4":{"type":"branch","line":37,"loc":{"start":{"line":37,"column":14},"end":{"line":42,"column":3}},"locations":[{"start":{"line":37,"column":14},"end":{"line":42,"column":3}}]},"5":{"type":"branch","line":44,"loc":{"start":{"line":44,"column":76},"end":{"line":47,"column":42}},"locations":[{"start":{"line":44,"column":76},"end":{"line":47,"column":42}}]},"6":{"type":"branch","line":50,"loc":{"start":{"line":50,"column":11},"end":{"line":56,"column":4}},"locations":[{"start":{"line":50,"column":11},"end":{"line":56,"column":4}}]},"7":{"type":"branch","line":55,"loc":{"start":{"line":55,"column":9},"end":{"line":55,"column":48}},"locations":[{"start":{"line":55,"column":9},"end":{"line":55,"column":48}}]},"8":{"type":"branch","line":58,"loc":{"start":{"line":58,"column":11},"end":{"line":67,"column":4}},"locations":[{"start":{"line":58,"column":11},"end":{"line":67,"column":4}}]},"9":{"type":"branch","line":66,"loc":{"start":{"line":66,"column":9},"end":{"line":66,"column":46}},"locations":[{"start":{"line":66,"column":9},"end":{"line":66,"column":46}}]}},"b":{"0":[23],"1":[1],"2":[19],"3":[1],"4":[0],"5":[0],"6":[4],"7":[4],"8":[23],"9":[23]},"fnMap":{"0":{"name":"SearchBar","decl":{"start":{"line":14,"column":18},"end":{"line":89,"column":2}},"loc":{"start":{"line":14,"column":18},"end":{"line":89,"column":2}},"line":14},"1":{"name":"handleChangeInputValue","decl":{"start":{"line":26,"column":32},"end":{"line":30,"column":3}},"loc":{"start":{"line":26,"column":32},"end":{"line":30,"column":3}},"line":26},"2":{"name":"handleSubmit","decl":{"start":{"line":32,"column":22},"end":{"line":48,"column":3}},"loc":{"start":{"line":32,"column":22},"end":{"line":48,"column":3}},"line":32}},"f":{"0":23,"1":19,"2":1}}
,"/home/aleks/webdev/Documents/rsSchool/rs-schooll-REACT2024Q3/src/components/socialLinks/SocialLinks.tsx": {"path":"/home/aleks/webdev/Documents/rsSchool/rs-schooll-REACT2024Q3/src/components/socialLinks/SocialLinks.tsx","all":false,"statementMap":{"0":{"start":{"line":1,"column":0},"end":{"line":1,"column":33}},"2":{"start":{"line":3,"column":0},"end":{"line":3,"column":41}},"4":{"start":{"line":5,"column":0},"end":{"line":5,"column":27}},"5":{"start":{"line":6,"column":0},"end":{"line":6,"column":33}},"6":{"start":{"line":7,"column":0},"end":{"line":7,"column":3}},"7":{"start":{"line":8,"column":0},"end":{"line":8,"column":59}},"8":{"start":{"line":9,"column":0},"end":{"line":9,"column":20}},"9":{"start":{"line":10,"column":0},"end":{"line":10,"column":4}},"10":{"start":{"line":11,"column":0},"end":{"line":11,"column":3}},"11":{"start":{"line":12,"column":0},"end":{"line":12,"column":59}},"12":{"start":{"line":13,"column":0},"end":{"line":13,"column":21}},"13":{"start":{"line":14,"column":0},"end":{"line":14,"column":4}},"14":{"start":{"line":15,"column":0},"end":{"line":15,"column":3}},"15":{"start":{"line":16,"column":0},"end":{"line":16,"column":59}},"16":{"start":{"line":17,"column":0},"end":{"line":17,"column":21}},"17":{"start":{"line":18,"column":0},"end":{"line":18,"column":4}},"18":{"start":{"line":19,"column":0},"end":{"line":19,"column":4}},"19":{"start":{"line":20,"column":0},"end":{"line":20,"column":9}},"20":{"start":{"line":21,"column":0},"end":{"line":21,"column":39}},"21":{"start":{"line":22,"column":0},"end":{"line":22,"column":34}},"22":{"start":{"line":23,"column":0},"end":{"line":23,"column":32}},"23":{"start":{"line":24,"column":0},"end":{"line":24,"column":26}},"24":{"start":{"line":25,"column":0},"end":{"line":25,"column":8}},"25":{"start":{"line":26,"column":0},"end":{"line":26,"column":23}},"26":{"start":{"line":27,"column":0},"end":{"line":27,"column":22}},"27":{"start":{"line":28,"column":0},"end":{"line":28,"column":32}},"28":{"start":{"line":29,"column":0},"end":{"line":29,"column":48}},"30":{"start":{"line":31,"column":0},"end":{"line":31,"column":19}},"31":{"start":{"line":32,"column":0},"end":{"line":32,"column":10}},"32":{"start":{"line":33,"column":0},"end":{"line":33,"column":10}},"33":{"start":{"line":34,"column":0},"end":{"line":34,"column":7}},"34":{"start":{"line":35,"column":0},"end":{"line":35,"column":8}},"35":{"start":{"line":36,"column":0},"end":{"line":36,"column":8}},"37":{"start":{"line":38,"column":0},"end":{"line":38,"column":2}},"39":{"start":{"line":40,"column":0},"end":{"line":40,"column":27}}},"s":{"0":1,"2":1,"4":1,"5":3,"6":3,"7":3,"8":3,"9":3,"10":3,"11":3,"12":3,"13":3,"14":3,"15":3,"16":3,"17":3,"18":3,"19":3,"20":3,"21":3,"22":3,"23":9,"24":9,"25":9,"26":9,"27":9,"28":9,"30":9,"31":9,"32":9,"33":3,"34":3,"35":3,"37":3,"39":1},"branchMap":{"0":{"type":"branch","line":5,"loc":{"start":{"line":5,"column":20},"end":{"line":38,"column":2}},"locations":[{"start":{"line":5,"column":20},"end":{"line":38,"column":2}}]},"1":{"type":"branch","line":23,"loc":{"start":{"line":23,"column":21},"end":{"line":33,"column":10}},"locations":[{"start":{"line":23,"column":21},"end":{"line":33,"column":10}}]}},"b":{"0":[3],"1":[9]},"fnMap":{"0":{"name":"SocialLinks","decl":{"start":{"line":5,"column":20},"end":{"line":38,"column":2}},"loc":{"start":{"line":5,"column":20},"end":{"line":38,"column":2}},"line":5}},"f":{"0":3}}
,"/home/aleks/webdev/Documents/rsSchool/rs-schooll-REACT2024Q3/src/components/themeChanger/ThemeChanger.tsx": {"path":"/home/aleks/webdev/Documents/rsSchool/rs-schooll-REACT2024Q3/src/components/themeChanger/ThemeChanger.tsx","all":false,"statementMap":{"0":{"start":{"line":1,"column":0},"end":{"line":1,"column":41}},"1":{"start":{"line":2,"column":0},"end":{"line":2,"column":35}},"2":{"start":{"line":3,"column":0},"end":{"line":3,"column":42}},"4":{"start":{"line":5,"column":0},"end":{"line":5,"column":28}},"5":{"start":{"line":6,"column":0},"end":{"line":6,"column":52}},"7":{"start":{"line":8,"column":0},"end":{"line":8,"column":9}},"8":{"start":{"line":9,"column":0},"end":{"line":9,"column":9}},"9":{"start":{"line":10,"column":0},"end":{"line":10,"column":31}},"10":{"start":{"line":11,"column":0},"end":{"line":11,"column":19}},"11":{"start":{"line":12,"column":0},"end":{"line":12,"column":3}},"12":{"start":{"line":13,"column":0},"end":{"line":13,"column":31}},"13":{"start":{"line":14,"column":0},"end":{"line":14,"column":11}},"15":{"start":{"line":16,"column":0},"end":{"line":16,"column":2}},"17":{"start":{"line":18,"column":0},"end":{"line":18,"column":28}}},"s":{"0":1,"1":1,"2":1,"4":1,"5":4,"7":4,"8":4,"9":4,"10":4,"11":4,"12":4,"13":4,"15":4,"17":1},"branchMap":{"0":{"type":"branch","line":5,"loc":{"start":{"line":5,"column":21},"end":{"line":16,"column":2}},"locations":[{"start":{"line":5,"column":21},"end":{"line":16,"column":2}}]}},"b":{"0":[4]},"fnMap":{"0":{"name":"ThemeChanger","decl":{"start":{"line":5,"column":21},"end":{"line":16,"column":2}},"loc":{"start":{"line":5,"column":21},"end":{"line":16,"column":2}},"line":5}},"f":{"0":4}}
,"/home/aleks/webdev/Documents/rsSchool/rs-schooll-REACT2024Q3/src/pages/main/MainPage.tsx": {"path":"/home/aleks/webdev/Documents/rsSchool/rs-schooll-REACT2024Q3/src/pages/main/MainPage.tsx","all":false,"statementMap":{"0":{"start":{"line":1,"column":0},"end":{"line":1,"column":59}},"1":{"start":{"line":2,"column":0},"end":{"line":2,"column":59}},"2":{"start":{"line":3,"column":0},"end":{"line":3,"column":61}},"3":{"start":{"line":4,"column":0},"end":{"line":4,"column":64}},"4":{"start":{"line":5,"column":0},"end":{"line":5,"column":64}},"6":{"start":{"line":7,"column":0},"end":{"line":7,"column":57}},"8":{"start":{"line":9,"column":0},"end":{"line":9,"column":41}},"9":{"start":{"line":10,"column":0},"end":{"line":10,"column":49}},"10":{"start":{"line":11,"column":0},"end":{"line":11,"column":42}},"11":{"start":{"line":12,"column":0},"end":{"line":12,"column":80}},"12":{"start":{"line":13,"column":0},"end":{"line":13,"column":24}},"13":{"start":{"line":14,"column":0},"end":{"line":14,"column":63}},"14":{"start":{"line":15,"column":0},"end":{"line":15,"column":56}},"16":{"start":{"line":17,"column":0},"end":{"line":17,"column":9}},"17":{"start":{"line":18,"column":0},"end":{"line":18,"column":27}},"18":{"start":{"line":19,"column":0},"end":{"line":19,"column":13}},"19":{"start":{"line":20,"column":0},"end":{"line":20,"column":26}},"20":{"start":{"line":21,"column":0},"end":{"line":21,"column":45}},"21":{"start":{"line":22,"column":0},"end":{"line":22,"column":35}},"22":{"start":{"line":23,"column":0},"end":{"line":23,"column":19}},"24":{"start":{"line":25,"column":0},"end":{"line":25,"column":38}},"26":{"start":{"line":27,"column":0},"end":{"line":27,"column":35}},"27":{"start":{"line":28,"column":0},"end":{"line":28,"column":14}},"28":{"start":{"line":29,"column":0},"end":{"line":29,"column":10}},"29":{"start":{"line":30,"column":0},"end":{"line":30,"column":51}},"30":{"start":{"line":31,"column":0},"end":{"line":31,"column":13}},"31":{"start":{"line":32,"column":0},"end":{"line":32,"column":8}},"33":{"start":{"line":34,"column":0},"end":{"line":34,"column":2}},"35":{"start":{"line":36,"column":0},"end":{"line":36,"column":24}}},"s":{"0":1,"1":1,"2":1,"3":1,"4":1,"6":1,"8":1,"9":1,"10":1,"11":1,"12":1,"13":1,"14":1,"16":1,"17":1,"18":1,"19":1,"20":1,"21":1,"22":1,"24":1,"26":1,"27":1,"28":1,"29":1,"30":1,"31":1,"33":1,"35":1},"branchMap":{"0":{"type":"branch","line":13,"loc":{"start":{"line":13,"column":17},"end":{"line":34,"column":2}},"locations":[{"start":{"line":13,"column":17},"end":{"line":34,"column":2}}]},"1":{"type":"branch","line":25,"loc":{"start":{"line":25,"column":6},"end":{"line":25,"column":38}},"locations":[{"start":{"line":25,"column":6},"end":{"line":25,"column":38}}]},"2":{"type":"branch","line":27,"loc":{"start":{"line":27,"column":6},"end":{"line":27,"column":35}},"locations":[{"start":{"line":27,"column":6},"end":{"line":27,"column":35}}]},"3":{"type":"branch","line":30,"loc":{"start":{"line":30,"column":27},"end":{"line":30,"column":48}},"locations":[{"start":{"line":30,"column":27},"end":{"line":30,"column":48}}]}},"b":{"0":[1],"1":[0],"2":[0],"3":[0]},"fnMap":{"0":{"name":"MainPage","decl":{"start":{"line":13,"column":17},"end":{"line":34,"column":2}},"loc":{"start":{"line":13,"column":17},"end":{"line":34,"column":2}},"line":13}},"f":{"0":1}}
,"/home/aleks/webdev/Documents/rsSchool/rs-schooll-REACT2024Q3/src/pages/notFound/NotFoundPage.tsx": {"path":"/home/aleks/webdev/Documents/rsSchool/rs-schooll-REACT2024Q3/src/pages/notFound/NotFoundPage.tsx","all":false,"statementMap":{"0":{"start":{"line":1,"column":0},"end":{"line":1,"column":47}},"2":{"start":{"line":3,"column":0},"end":{"line":3,"column":41}},"4":{"start":{"line":5,"column":0},"end":{"line":5,"column":28}},"5":{"start":{"line":6,"column":0},"end":{"line":6,"column":32}},"6":{"start":{"line":7,"column":0},"end":{"line":7,"column":9}},"7":{"start":{"line":8,"column":0},"end":{"line":8,"column":37}},"8":{"start":{"line":9,"column":0},"end":{"line":9,"column":26}},"9":{"start":{"line":10,"column":0},"end":{"line":10,"column":73}},"10":{"start":{"line":11,"column":0},"end":{"line":11,"column":8}},"12":{"start":{"line":13,"column":0},"end":{"line":13,"column":2}},"14":{"start":{"line":15,"column":0},"end":{"line":15,"column":28}}},"s":{"0":1,"2":1,"4":1,"5":1,"6":1,"7":1,"8":1,"9":1,"10":1,"12":1,"14":1},"branchMap":{"0":{"type":"branch","line":5,"loc":{"start":{"line":5,"column":21},"end":{"line":13,"column":2}},"locations":[{"start":{"line":5,"column":21},"end":{"line":13,"column":2}}]}},"b":{"0":[1]},"fnMap":{"0":{"name":"NotFoundPage","decl":{"start":{"line":5,"column":21},"end":{"line":13,"column":2}},"loc":{"start":{"line":5,"column":21},"end":{"line":13,"column":2}},"line":5},"1":{"name":"onClick","decl":{"start":{"line":10,"column":20},"end":{"line":10,"column":41}},"loc":{"start":{"line":10,"column":20},"end":{"line":10,"column":41}},"line":10}},"f":{"0":1,"1":0}}
}
