{"/home/aleks/webdev/Documents/rsSchool/rs-schooll-REACT2024Q3/src/main.tsx": {"path":"/home/aleks/webdev/Documents/rsSchool/rs-schooll-REACT2024Q3/src/main.tsx","all":true,"statementMap":{"0":{"start":{"line":1,"column":0},"end":{"line":1,"column":26}},"1":{"start":{"line":2,"column":0},"end":{"line":2,"column":40}},"2":{"start":{"line":3,"column":0},"end":{"line":3,"column":21}},"3":{"start":{"line":4,"column":0},"end":{"line":4,"column":79}},"4":{"start":{"line":5,"column":0},"end":{"line":5,"column":50}},"5":{"start":{"line":6,"column":0},"end":{"line":6,"column":47}},"7":{"start":{"line":8,"column":0},"end":{"line":8,"column":61}},"8":{"start":{"line":9,"column":0},"end":{"line":9,"column":19}},"9":{"start":{"line":10,"column":0},"end":{"line":10,"column":17}},"10":{"start":{"line":11,"column":0},"end":{"line":11,"column":40}},"11":{"start":{"line":12,"column":0},"end":{"line":12,"column":18}},"12":{"start":{"line":13,"column":0},"end":{"line":13,"column":21}},"13":{"start":{"line":14,"column":0},"end":{"line":14,"column":2}}},"s":{"0":0,"1":0,"2":0,"3":0,"4":0,"5":0,"7":0,"8":0,"9":0,"10":0,"11":0,"12":0,"13":0},"branchMap":{"0":{"type":"branch","line":1,"loc":{"start":{"line":1,"column":454},"end":{"line":14,"column":2}},"locations":[{"start":{"line":1,"column":454},"end":{"line":14,"column":2}}]}},"b":{"0":[0]},"fnMap":{"0":{"name":"(empty-report)","decl":{"start":{"line":1,"column":454},"end":{"line":14,"column":2}},"loc":{"start":{"line":1,"column":454},"end":{"line":14,"column":2}},"line":1}},"f":{"0":0}}
,"/home/aleks/webdev/Documents/rsSchool/rs-schooll-REACT2024Q3/src/components/app/App.tsx": {"path":"/home/aleks/webdev/Documents/rsSchool/rs-schooll-REACT2024Q3/src/components/app/App.tsx","all":false,"statementMap":{"0":{"start":{"line":1,"column":0},"end":{"line":1,"column":38}},"1":{"start":{"line":2,"column":0},"end":{"line":2,"column":39}},"2":{"start":{"line":3,"column":0},"end":{"line":3,"column":42}},"3":{"start":{"line":4,"column":0},"end":{"line":4,"column":47}},"4":{"start":{"line":5,"column":0},"end":{"line":5,"column":64}},"8":{"start":{"line":9,"column":0},"end":{"line":9,"column":43}},"11":{"start":{"line":12,"column":0},"end":{"line":12,"column":4}},"12":{"start":{"line":13,"column":0},"end":{"line":13,"column":16}},"13":{"start":{"line":14,"column":0},"end":{"line":14,"column":18}},"14":{"start":{"line":15,"column":0},"end":{"line":15,"column":3}},"16":{"start":{"line":17,"column":0},"end":{"line":17,"column":27}},"18":{"start":{"line":19,"column":0},"end":{"line":19,"column":19}},"19":{"start":{"line":20,"column":0},"end":{"line":20,"column":54}},"21":{"start":{"line":22,"column":0},"end":{"line":22,"column":34}},"22":{"start":{"line":23,"column":0},"end":{"line":23,"column":19}},"23":{"start":{"line":24,"column":0},"end":{"line":24,"column":14}},"24":{"start":{"line":25,"column":0},"end":{"line":25,"column":54}},"25":{"start":{"line":26,"column":0},"end":{"line":26,"column":5}},"26":{"start":{"line":27,"column":0},"end":{"line":27,"column":3}},"28":{"start":{"line":29,"column":0},"end":{"line":29,"column":9}},"29":{"start":{"line":30,"column":0},"end":{"line":30,"column":26}},"30":{"start":{"line":31,"column":0},"end":{"line":31,"column":25}},"31":{"start":{"line":32,"column":0},"end":{"line":32,"column":63}},"33":{"start":{"line":34,"column":0},"end":{"line":34,"column":35}},"34":{"start":{"line":35,"column":0},"end":{"line":35,"column":15}},"35":{"start":{"line":36,"column":0},"end":{"line":36,"column":10}},"36":{"start":{"line":37,"column":0},"end":{"line":37,"column":27}},"37":{"start":{"line":38,"column":0},"end":{"line":38,"column":13}},"39":{"start":{"line":40,"column":0},"end":{"line":40,"column":2}},"41":{"start":{"line":42,"column":0},"end":{"line":42,"column":19}}},"s":{"0":1,"1":1,"2":1,"3":1,"4":1,"8":1,"11":1,"12":1,"13":1,"14":1,"16":1,"18":1,"19":0,"21":0,"22":0,"23":0,"24":0,"25":0,"26":0,"28":0,"29":0,"30":0,"31":0,"33":0,"34":0,"35":0,"36":0,"37":0,"39":0,"41":1},"branchMap":{},"b":{},"fnMap":{"0":{"name":"change","decl":{"start":{"line":14,"column":9},"end":{"line":14,"column":18}},"loc":{"start":{"line":14,"column":9},"end":{"line":14,"column":18}},"line":14},"1":{"name":"App","decl":{"start":{"line":19,"column":12},"end":{"line":40,"column":2}},"loc":{"start":{"line":19,"column":12},"end":{"line":40,"column":2}},"line":19}},"f":{"0":0,"1":0}}
,"/home/aleks/webdev/Documents/rsSchool/rs-schooll-REACT2024Q3/src/components/card/Card.tsx": {"path":"/home/aleks/webdev/Documents/rsSchool/rs-schooll-REACT2024Q3/src/components/card/Card.tsx","all":false,"statementMap":{"0":{"start":{"line":1,"column":0},"end":{"line":1,"column":55}},"2":{"start":{"line":3,"column":0},"end":{"line":3,"column":57}},"7":{"start":{"line":8,"column":0},"end":{"line":8,"column":40}},"9":{"start":{"line":10,"column":0},"end":{"line":10,"column":41}},"17":{"start":{"line":18,"column":0},"end":{"line":18,"column":45}},"18":{"start":{"line":19,"column":0},"end":{"line":19,"column":6}},"19":{"start":{"line":20,"column":0},"end":{"line":20,"column":14}},"20":{"start":{"line":21,"column":0},"end":{"line":21,"column":10}},"21":{"start":{"line":22,"column":0},"end":{"line":22,"column":7}},"22":{"start":{"line":23,"column":0},"end":{"line":23,"column":35}},"24":{"start":{"line":25,"column":0},"end":{"line":25,"column":35}},"26":{"start":{"line":27,"column":0},"end":{"line":27,"column":36}},"27":{"start":{"line":28,"column":0},"end":{"line":28,"column":35}},"28":{"start":{"line":29,"column":0},"end":{"line":29,"column":14}},"29":{"start":{"line":30,"column":0},"end":{"line":30,"column":7}},"30":{"start":{"line":31,"column":0},"end":{"line":31,"column":25}},"31":{"start":{"line":32,"column":0},"end":{"line":32,"column":40}},"32":{"start":{"line":33,"column":0},"end":{"line":33,"column":3}},"33":{"start":{"line":34,"column":0},"end":{"line":34,"column":38}},"34":{"start":{"line":35,"column":0},"end":{"line":35,"column":3}},"36":{"start":{"line":37,"column":0},"end":{"line":37,"column":9}},"37":{"start":{"line":38,"column":0},"end":{"line":38,"column":10}},"38":{"start":{"line":39,"column":0},"end":{"line":39,"column":12}},"39":{"start":{"line":40,"column":0},"end":{"line":40,"column":77}},"41":{"start":{"line":42,"column":0},"end":{"line":42,"column":10}},"42":{"start":{"line":43,"column":0},"end":{"line":43,"column":49}},"43":{"start":{"line":44,"column":0},"end":{"line":44,"column":13}},"45":{"start":{"line":46,"column":0},"end":{"line":46,"column":32}},"46":{"start":{"line":47,"column":0},"end":{"line":47,"column":63}},"47":{"start":{"line":48,"column":0},"end":{"line":48,"column":12}},"48":{"start":{"line":49,"column":0},"end":{"line":49,"column":18}},"49":{"start":{"line":50,"column":0},"end":{"line":50,"column":11}},"50":{"start":{"line":51,"column":0},"end":{"line":51,"column":64}},"51":{"start":{"line":52,"column":0},"end":{"line":52,"column":11}},"52":{"start":{"line":53,"column":0},"end":{"line":53,"column":21}},"53":{"start":{"line":54,"column":0},"end":{"line":54,"column":28}},"54":{"start":{"line":55,"column":0},"end":{"line":55,"column":58}},"55":{"start":{"line":56,"column":0},"end":{"line":56,"column":7}},"56":{"start":{"line":57,"column":0},"end":{"line":57,"column":12}},"58":{"start":{"line":59,"column":0},"end":{"line":59,"column":12}},"60":{"start":{"line":61,"column":0},"end":{"line":61,"column":2}},"62":{"start":{"line":63,"column":0},"end":{"line":63,"column":20}}},"s":{"0":1,"2":1,"7":1,"9":1,"17":1,"18":2,"19":2,"20":2,"21":2,"22":2,"24":2,"26":2,"27":0,"28":0,"29":0,"30":0,"31":0,"32":0,"33":0,"34":0,"36":2,"37":2,"38":2,"39":2,"41":2,"42":2,"43":2,"45":2,"46":2,"47":2,"48":2,"49":1,"50":1,"51":1,"52":1,"53":1,"54":1,"55":1,"56":1,"58":2,"60":2,"62":1},"branchMap":{"0":{"type":"branch","line":18,"loc":{"start":{"line":18,"column":43},"end":{"line":61,"column":2}},"locations":[{"start":{"line":18,"column":43},"end":{"line":61,"column":2}}]},"1":{"type":"branch","line":40,"loc":{"start":{"line":40,"column":42},"end":{"line":40,"column":72}},"locations":[{"start":{"line":40,"column":42},"end":{"line":40,"column":72}}]},"2":{"type":"branch","line":40,"loc":{"start":{"line":40,"column":68},"end":{"line":40,"column":74}},"locations":[{"start":{"line":40,"column":68},"end":{"line":40,"column":74}}]},"3":{"type":"branch","line":46,"loc":{"start":{"line":46,"column":11},"end":{"line":46,"column":25}},"locations":[{"start":{"line":46,"column":11},"end":{"line":46,"column":25}}]},"4":{"type":"branch","line":47,"loc":{"start":{"line":47,"column":12},"end":{"line":47,"column":40}},"locations":[{"start":{"line":47,"column":12},"end":{"line":47,"column":40}}]},"5":{"type":"branch","line":47,"loc":{"start":{"line":47,"column":23},"end":{"line":47,"column":56}},"locations":[{"start":{"line":47,"column":23},"end":{"line":47,"column":56}}]},"6":{"type":"branch","line":49,"loc":{"start":{"line":49,"column":5},"end":{"line":57,"column":12}},"locations":[{"start":{"line":49,"column":5},"end":{"line":57,"column":12}}]},"7":{"type":"branch","line":51,"loc":{"start":{"line":51,"column":6},"end":{"line":51,"column":46}},"locations":[{"start":{"line":51,"column":6},"end":{"line":51,"column":46}}]}},"b":{"0":[2],"1":[1],"2":[1],"3":[0],"4":[1],"5":[1],"6":[1],"7":[0]},"fnMap":{"0":{"name":"Card","decl":{"start":{"line":18,"column":43},"end":{"line":61,"column":2}},"loc":{"start":{"line":18,"column":43},"end":{"line":61,"column":2}},"line":18},"1":{"name":"handleAddOrDeleteFavorite","decl":{"start":{"line":27,"column":35},"end":{"line":35,"column":3}},"loc":{"start":{"line":27,"column":35},"end":{"line":35,"column":3}},"line":27},"2":{"name":"onClick","decl":{"start":{"line":43,"column":13},"end":{"line":43,"column":49}},"loc":{"start":{"line":43,"column":13},"end":{"line":43,"column":49}},"line":43},"3":{"name":"onChange","decl":{"start":{"line":55,"column":16},"end":{"line":55,"column":58}},"loc":{"start":{"line":55,"column":16},"end":{"line":55,"column":58}},"line":55}},"f":{"0":2,"1":0,"2":0,"3":0}}
,"/home/aleks/webdev/Documents/rsSchool/rs-schooll-REACT2024Q3/src/components/cards/Cards.tsx": {"path":"/home/aleks/webdev/Documents/rsSchool/rs-schooll-REACT2024Q3/src/components/cards/Cards.tsx","all":false,"statementMap":{"0":{"start":{"line":1,"column":0},"end":{"line":1,"column":73}},"1":{"start":{"line":2,"column":0},"end":{"line":2,"column":41}},"3":{"start":{"line":4,"column":0},"end":{"line":4,"column":59}},"4":{"start":{"line":5,"column":0},"end":{"line":5,"column":34}},"5":{"start":{"line":6,"column":0},"end":{"line":6,"column":73}},"6":{"start":{"line":7,"column":0},"end":{"line":7,"column":38}},"7":{"start":{"line":8,"column":0},"end":{"line":8,"column":50}},"8":{"start":{"line":9,"column":0},"end":{"line":9,"column":80}},"9":{"start":{"line":10,"column":0},"end":{"line":10,"column":32}},"11":{"start":{"line":12,"column":0},"end":{"line":12,"column":41}},"12":{"start":{"line":13,"column":0},"end":{"line":13,"column":21}},"13":{"start":{"line":14,"column":0},"end":{"line":14,"column":35}},"15":{"start":{"line":16,"column":0},"end":{"line":16,"column":63}},"17":{"start":{"line":18,"column":0},"end":{"line":18,"column":64}},"18":{"start":{"line":19,"column":0},"end":{"line":19,"column":31}},"20":{"start":{"line":21,"column":0},"end":{"line":21,"column":68}},"21":{"start":{"line":22,"column":0},"end":{"line":22,"column":27}},"22":{"start":{"line":23,"column":0},"end":{"line":23,"column":13}},"23":{"start":{"line":24,"column":0},"end":{"line":24,"column":27}},"24":{"start":{"line":25,"column":0},"end":{"line":25,"column":4}},"26":{"start":{"line":27,"column":0},"end":{"line":27,"column":37}},"27":{"start":{"line":28,"column":0},"end":{"line":28,"column":48}},"28":{"start":{"line":29,"column":0},"end":{"line":29,"column":3}},"30":{"start":{"line":31,"column":0},"end":{"line":31,"column":18}},"31":{"start":{"line":32,"column":0},"end":{"line":32,"column":13}},"32":{"start":{"line":33,"column":0},"end":{"line":33,"column":28}},"33":{"start":{"line":34,"column":0},"end":{"line":34,"column":3}},"34":{"start":{"line":35,"column":0},"end":{"line":35,"column":22}},"36":{"start":{"line":37,"column":0},"end":{"line":37,"column":9}},"37":{"start":{"line":38,"column":0},"end":{"line":38,"column":38}},"38":{"start":{"line":39,"column":0},"end":{"line":39,"column":17}},"39":{"start":{"line":40,"column":0},"end":{"line":40,"column":44}},"41":{"start":{"line":42,"column":0},"end":{"line":42,"column":46}},"43":{"start":{"line":44,"column":0},"end":{"line":44,"column":46}},"44":{"start":{"line":45,"column":0},"end":{"line":45,"column":53}},"45":{"start":{"line":46,"column":0},"end":{"line":46,"column":53}},"47":{"start":{"line":48,"column":0},"end":{"line":48,"column":27}},"48":{"start":{"line":49,"column":0},"end":{"line":49,"column":11}},"49":{"start":{"line":50,"column":0},"end":{"line":50,"column":21}},"50":{"start":{"line":51,"column":0},"end":{"line":51,"column":18}},"51":{"start":{"line":52,"column":0},"end":{"line":52,"column":21}},"52":{"start":{"line":53,"column":0},"end":{"line":53,"column":61}},"54":{"start":{"line":55,"column":0},"end":{"line":55,"column":44}},"55":{"start":{"line":56,"column":0},"end":{"line":56,"column":8}},"56":{"start":{"line":57,"column":0},"end":{"line":57,"column":8}},"57":{"start":{"line":58,"column":0},"end":{"line":58,"column":14}},"59":{"start":{"line":60,"column":0},"end":{"line":60,"column":8}},"61":{"start":{"line":62,"column":0},"end":{"line":62,"column":2}},"63":{"start":{"line":64,"column":0},"end":{"line":64,"column":21}}},"s":{"0":1,"1":1,"3":1,"4":1,"5":1,"6":1,"7":1,"8":1,"9":1,"11":1,"12":1,"13":8,"15":8,"17":8,"18":8,"20":8,"21":8,"22":8,"23":8,"24":8,"26":8,"27":0,"28":0,"30":8,"31":4,"32":1,"33":1,"34":8,"36":8,"37":8,"38":8,"39":8,"41":8,"43":8,"44":2,"45":2,"47":2,"48":0,"49":0,"50":0,"51":0,"52":0,"54":0,"55":0,"56":2,"57":2,"59":8,"61":8,"63":1},"branchMap":{"0":{"type":"branch","line":13,"loc":{"start":{"line":13,"column":14},"end":{"line":62,"column":2}},"locations":[{"start":{"line":13,"column":14},"end":{"line":62,"column":2}}]},"1":{"type":"branch","line":40,"loc":{"start":{"line":40,"column":5},"end":{"line":40,"column":33}},"locations":[{"start":{"line":40,"column":5},"end":{"line":40,"column":33}}]},"2":{"type":"branch","line":40,"loc":{"start":{"line":40,"column":18},"end":{"line":40,"column":44}},"locations":[{"start":{"line":40,"column":18},"end":{"line":40,"column":44}}]},"3":{"type":"branch","line":42,"loc":{"start":{"line":42,"column":4},"end":{"line":42,"column":46}},"locations":[{"start":{"line":42,"column":4},"end":{"line":42,"column":46}}]},"4":{"type":"branch","line":44,"loc":{"start":{"line":44,"column":5},"end":{"line":44,"column":30}},"locations":[{"start":{"line":44,"column":5},"end":{"line":44,"column":30}}]},"5":{"type":"branch","line":44,"loc":{"start":{"line":44,"column":19},"end":{"line":44,"column":46}},"locations":[{"start":{"line":44,"column":19},"end":{"line":44,"column":46}}]},"6":{"type":"branch","line":44,"loc":{"start":{"line":44,"column":31},"end":{"line":58,"column":14}},"locations":[{"start":{"line":44,"column":31},"end":{"line":58,"column":14}}]},"7":{"type":"branch","line":31,"loc":{"start":{"line":31,"column":11},"end":{"line":35,"column":4}},"locations":[{"start":{"line":31,"column":11},"end":{"line":35,"column":4}}]},"8":{"type":"branch","line":32,"loc":{"start":{"line":32,"column":12},"end":{"line":34,"column":3}},"locations":[{"start":{"line":32,"column":12},"end":{"line":34,"column":3}}]}},"b":{"0":[8],"1":[2],"2":[6],"3":[0],"4":[2],"5":[2],"6":[2],"7":[4],"8":[1]},"fnMap":{"0":{"name":"Cards","decl":{"start":{"line":13,"column":14},"end":{"line":62,"column":2}},"loc":{"start":{"line":13,"column":14},"end":{"line":62,"column":2}},"line":13},"1":{"name":"handleHideActiveCard","decl":{"start":{"line":27,"column":30},"end":{"line":29,"column":3}},"loc":{"start":{"line":27,"column":30},"end":{"line":29,"column":3}},"line":27}},"f":{"0":8,"1":0}}
,"/home/aleks/webdev/Documents/rsSchool/rs-schooll-REACT2024Q3/src/components/categories/Categories.tsx": {"path":"/home/aleks/webdev/Documents/rsSchool/rs-schooll-REACT2024Q3/src/components/categories/Categories.tsx","all":false,"statementMap":{"0":{"start":{"line":1,"column":0},"end":{"line":1,"column":59}},"2":{"start":{"line":3,"column":0},"end":{"line":3,"column":41}},"3":{"start":{"line":4,"column":0},"end":{"line":4,"column":73}},"7":{"start":{"line":8,"column":0},"end":{"line":8,"column":45}},"8":{"start":{"line":9,"column":0},"end":{"line":9,"column":34}},"9":{"start":{"line":10,"column":0},"end":{"line":10,"column":74}},"10":{"start":{"line":11,"column":0},"end":{"line":11,"column":64}},"12":{"start":{"line":13,"column":0},"end":{"line":13,"column":46}},"14":{"start":{"line":15,"column":0},"end":{"line":15,"column":26}},"15":{"start":{"line":16,"column":0},"end":{"line":16,"column":49}},"16":{"start":{"line":17,"column":0},"end":{"line":17,"column":35}},"18":{"start":{"line":19,"column":0},"end":{"line":19,"column":55}},"19":{"start":{"line":20,"column":0},"end":{"line":20,"column":28}},"20":{"start":{"line":21,"column":0},"end":{"line":21,"column":3}},"21":{"start":{"line":22,"column":0},"end":{"line":22,"column":64}},"23":{"start":{"line":24,"column":0},"end":{"line":24,"column":18}},"24":{"start":{"line":25,"column":0},"end":{"line":25,"column":13}},"25":{"start":{"line":26,"column":0},"end":{"line":26,"column":33}},"26":{"start":{"line":27,"column":0},"end":{"line":27,"column":3}},"27":{"start":{"line":28,"column":0},"end":{"line":28,"column":22}},"29":{"start":{"line":30,"column":0},"end":{"line":30,"column":18}},"30":{"start":{"line":31,"column":0},"end":{"line":31,"column":25}},"31":{"start":{"line":32,"column":0},"end":{"line":32,"column":49}},"32":{"start":{"line":33,"column":0},"end":{"line":33,"column":3}},"33":{"start":{"line":34,"column":0},"end":{"line":34,"column":34}},"35":{"start":{"line":36,"column":0},"end":{"line":36,"column":53}},"36":{"start":{"line":37,"column":0},"end":{"line":37,"column":49}},"37":{"start":{"line":38,"column":0},"end":{"line":38,"column":40}},"38":{"start":{"line":39,"column":0},"end":{"line":39,"column":32}},"39":{"start":{"line":40,"column":0},"end":{"line":40,"column":24}},"40":{"start":{"line":41,"column":0},"end":{"line":41,"column":3}},"42":{"start":{"line":43,"column":0},"end":{"line":43,"column":9}},"43":{"start":{"line":44,"column":0},"end":{"line":44,"column":4}},"44":{"start":{"line":45,"column":0},"end":{"line":45,"column":44}},"46":{"start":{"line":47,"column":0},"end":{"line":47,"column":45}},"48":{"start":{"line":49,"column":0},"end":{"line":49,"column":67}},"50":{"start":{"line":51,"column":0},"end":{"line":51,"column":26}},"51":{"start":{"line":52,"column":0},"end":{"line":52,"column":36}},"52":{"start":{"line":53,"column":0},"end":{"line":53,"column":36}},"53":{"start":{"line":54,"column":0},"end":{"line":54,"column":13}},"54":{"start":{"line":55,"column":0},"end":{"line":55,"column":53}},"55":{"start":{"line":56,"column":0},"end":{"line":56,"column":93}},"56":{"start":{"line":57,"column":0},"end":{"line":57,"column":21}},"58":{"start":{"line":59,"column":0},"end":{"line":59,"column":17}},"59":{"start":{"line":60,"column":0},"end":{"line":60,"column":15}},"60":{"start":{"line":61,"column":0},"end":{"line":61,"column":8}},"61":{"start":{"line":62,"column":0},"end":{"line":62,"column":10}},"63":{"start":{"line":64,"column":0},"end":{"line":64,"column":5}},"65":{"start":{"line":66,"column":0},"end":{"line":66,"column":2}},"66":{"start":{"line":67,"column":0},"end":{"line":67,"column":26}}},"s":{"0":1,"2":1,"3":1,"7":1,"8":1,"9":1,"10":1,"12":1,"14":1,"15":17,"16":17,"18":17,"19":17,"20":17,"21":17,"23":17,"24":8,"25":3,"26":3,"27":17,"29":17,"30":6,"31":1,"32":1,"33":17,"35":17,"36":1,"37":1,"38":1,"39":1,"40":1,"42":17,"43":17,"44":17,"46":17,"48":17,"50":17,"51":4,"52":4,"53":24,"54":24,"55":24,"56":24,"58":24,"59":24,"60":4,"61":4,"63":17,"65":17,"66":1},"branchMap":{"0":{"type":"branch","line":15,"loc":{"start":{"line":15,"column":19},"end":{"line":66,"column":2}},"locations":[{"start":{"line":15,"column":19},"end":{"line":66,"column":2}}]},"1":{"type":"branch","line":45,"loc":{"start":{"line":45,"column":4},"end":{"line":45,"column":44}},"locations":[{"start":{"line":45,"column":4},"end":{"line":45,"column":44}}]},"2":{"type":"branch","line":47,"loc":{"start":{"line":47,"column":4},"end":{"line":47,"column":45}},"locations":[{"start":{"line":47,"column":4},"end":{"line":47,"column":45}}]},"3":{"type":"branch","line":49,"loc":{"start":{"line":49,"column":5},"end":{"line":49,"column":67}},"locations":[{"start":{"line":49,"column":5},"end":{"line":49,"column":67}}]},"4":{"type":"branch","line":51,"loc":{"start":{"line":51,"column":15},"end":{"line":62,"column":10}},"locations":[{"start":{"line":51,"column":15},"end":{"line":62,"column":10}}]},"5":{"type":"branch","line":20,"loc":{"start":{"line":20,"column":2},"end":{"line":20,"column":28}},"locations":[{"start":{"line":20,"column":2},"end":{"line":20,"column":28}}]},"6":{"type":"branch","line":24,"loc":{"start":{"line":24,"column":11},"end":{"line":28,"column":4}},"locations":[{"start":{"line":24,"column":11},"end":{"line":28,"column":4}}]},"7":{"type":"branch","line":25,"loc":{"start":{"line":25,"column":12},"end":{"line":27,"column":3}},"locations":[{"start":{"line":25,"column":12},"end":{"line":27,"column":3}}]},"8":{"type":"branch","line":30,"loc":{"start":{"line":30,"column":11},"end":{"line":34,"column":4}},"locations":[{"start":{"line":30,"column":11},"end":{"line":34,"column":4}}]},"9":{"type":"branch","line":31,"loc":{"start":{"line":31,"column":24},"end":{"line":33,"column":3}},"locations":[{"start":{"line":31,"column":24},"end":{"line":33,"column":3}}]},"10":{"type":"branch","line":36,"loc":{"start":{"line":36,"column":30},"end":{"line":41,"column":3}},"locations":[{"start":{"line":36,"column":30},"end":{"line":41,"column":3}}]},"11":{"type":"branch","line":53,"loc":{"start":{"line":53,"column":21},"end":{"line":60,"column":15}},"locations":[{"start":{"line":53,"column":21},"end":{"line":60,"column":15}}]},"12":{"type":"branch","line":56,"loc":{"start":{"line":56,"column":52},"end":{"line":56,"column":88}},"locations":[{"start":{"line":56,"column":52},"end":{"line":56,"column":88}}]},"13":{"type":"branch","line":56,"loc":{"start":{"line":56,"column":84},"end":{"line":56,"column":90}},"locations":[{"start":{"line":56,"column":84},"end":{"line":56,"column":90}}]},"14":{"type":"branch","line":55,"loc":{"start":{"line":55,"column":16},"end":{"line":55,"column":53}},"locations":[{"start":{"line":55,"column":16},"end":{"line":55,"column":53}}]}},"b":{"0":[17],"1":[10],"2":[0],"3":[10],"4":[4],"5":[34],"6":[8],"7":[3],"8":[6],"9":[1],"10":[1],"11":[24],"12":[1],"13":[23],"14":[1]},"fnMap":{"0":{"name":"Categories","decl":{"start":{"line":15,"column":19},"end":{"line":66,"column":2}},"loc":{"start":{"line":15,"column":19},"end":{"line":66,"column":2}},"line":15},"1":{"name":"handleChangeCategory","decl":{"start":{"line":36,"column":30},"end":{"line":41,"column":3}},"loc":{"start":{"line":36,"column":30},"end":{"line":41,"column":3}},"line":36},"2":{"name":"onClick","decl":{"start":{"line":55,"column":16},"end":{"line":55,"column":53}},"loc":{"start":{"line":55,"column":16},"end":{"line":55,"column":53}},"line":55}},"f":{"0":17,"1":1,"2":1}}
,"/home/aleks/webdev/Documents/rsSchool/rs-schooll-REACT2024Q3/src/components/detailedCard/DetailedCard.tsx": {"path":"/home/aleks/webdev/Documents/rsSchool/rs-schooll-REACT2024Q3/src/components/detailedCard/DetailedCard.tsx","all":false,"statementMap":{"0":{"start":{"line":1,"column":0},"end":{"line":1,"column":73}},"1":{"start":{"line":2,"column":0},"end":{"line":2,"column":78}},"2":{"start":{"line":3,"column":0},"end":{"line":3,"column":63}},"3":{"start":{"line":4,"column":0},"end":{"line":4,"column":38}},"5":{"start":{"line":6,"column":0},"end":{"line":6,"column":41}},"7":{"start":{"line":8,"column":0},"end":{"line":8,"column":40}},"9":{"start":{"line":10,"column":0},"end":{"line":10,"column":28}},"10":{"start":{"line":11,"column":0},"end":{"line":11,"column":35}},"11":{"start":{"line":12,"column":0},"end":{"line":12,"column":63}},"13":{"start":{"line":14,"column":0},"end":{"line":14,"column":67}},"14":{"start":{"line":15,"column":0},"end":{"line":15,"column":33}},"15":{"start":{"line":16,"column":0},"end":{"line":16,"column":21}},"16":{"start":{"line":17,"column":0},"end":{"line":17,"column":4}},"18":{"start":{"line":19,"column":0},"end":{"line":19,"column":48}},"19":{"start":{"line":20,"column":0},"end":{"line":20,"column":60}},"21":{"start":{"line":22,"column":0},"end":{"line":22,"column":46}},"22":{"start":{"line":23,"column":0},"end":{"line":23,"column":68}},"24":{"start":{"line":25,"column":0},"end":{"line":25,"column":40}},"25":{"start":{"line":26,"column":0},"end":{"line":26,"column":18}},"26":{"start":{"line":27,"column":0},"end":{"line":27,"column":50}},"27":{"start":{"line":28,"column":0},"end":{"line":28,"column":9}},"28":{"start":{"line":29,"column":0},"end":{"line":29,"column":5}},"29":{"start":{"line":30,"column":0},"end":{"line":30,"column":3}},"31":{"start":{"line":32,"column":0},"end":{"line":32,"column":9}},"32":{"start":{"line":33,"column":0},"end":{"line":33,"column":43}},"33":{"start":{"line":34,"column":0},"end":{"line":34,"column":36}},"34":{"start":{"line":35,"column":0},"end":{"line":35,"column":10}},"35":{"start":{"line":36,"column":0},"end":{"line":36,"column":31}},"36":{"start":{"line":37,"column":0},"end":{"line":37,"column":29}},"37":{"start":{"line":38,"column":0},"end":{"line":38,"column":11}},"38":{"start":{"line":39,"column":0},"end":{"line":39,"column":68}},"39":{"start":{"line":40,"column":0},"end":{"line":40,"column":8}},"40":{"start":{"line":41,"column":0},"end":{"line":41,"column":23}},"41":{"start":{"line":42,"column":0},"end":{"line":42,"column":70}},"42":{"start":{"line":43,"column":0},"end":{"line":43,"column":12}},"44":{"start":{"line":45,"column":0},"end":{"line":45,"column":2}},"46":{"start":{"line":47,"column":0},"end":{"line":47,"column":28}}},"s":{"0":1,"1":1,"2":1,"3":1,"5":1,"7":1,"9":1,"10":8,"11":8,"13":8,"14":8,"15":8,"16":8,"18":8,"19":8,"21":1,"22":1,"24":1,"25":12,"26":12,"27":12,"28":1,"29":1,"31":1,"32":1,"33":1,"34":1,"35":8,"36":8,"37":8,"38":8,"39":8,"40":8,"41":8,"42":8,"44":8,"46":1},"branchMap":{"0":{"type":"branch","line":10,"loc":{"start":{"line":10,"column":21},"end":{"line":45,"column":2}},"locations":[{"start":{"line":10,"column":21},"end":{"line":45,"column":2}}]},"1":{"type":"branch","line":19,"loc":{"start":{"line":19,"column":5},"end":{"line":19,"column":30}},"locations":[{"start":{"line":19,"column":5},"end":{"line":19,"column":30}}]},"2":{"type":"branch","line":19,"loc":{"start":{"line":19,"column":30},"end":{"line":19,"column":48}},"locations":[{"start":{"line":19,"column":30},"end":{"line":19,"column":48}}]},"3":{"type":"branch","line":19,"loc":{"start":{"line":19,"column":45},"end":{"line":20,"column":16}},"locations":[{"start":{"line":19,"column":45},"end":{"line":20,"column":16}}]},"4":{"type":"branch","line":20,"loc":{"start":{"line":20,"column":5},"end":{"line":20,"column":23}},"locations":[{"start":{"line":20,"column":5},"end":{"line":20,"column":23}}]},"5":{"type":"branch","line":20,"loc":{"start":{"line":20,"column":23},"end":{"line":36,"column":20}},"locations":[{"start":{"line":20,"column":23},"end":{"line":36,"column":20}}]},"6":{"type":"branch","line":36,"loc":{"start":{"line":36,"column":11},"end":{"line":36,"column":31}},"locations":[{"start":{"line":36,"column":11},"end":{"line":36,"column":31}}]},"7":{"type":"branch","line":37,"loc":{"start":{"line":37,"column":11},"end":{"line":37,"column":29}},"locations":[{"start":{"line":37,"column":11},"end":{"line":37,"column":29}}]},"8":{"type":"branch","line":42,"loc":{"start":{"line":42,"column":39},"end":{"line":42,"column":64}},"locations":[{"start":{"line":42,"column":39},"end":{"line":42,"column":64}}]},"9":{"type":"branch","line":12,"loc":{"start":{"line":12,"column":39},"end":{"line":12,"column":61}},"locations":[{"start":{"line":12,"column":39},"end":{"line":12,"column":61}}]},"10":{"type":"branch","line":22,"loc":{"start":{"line":22,"column":20},"end":{"line":30,"column":3}},"locations":[{"start":{"line":22,"column":20},"end":{"line":30,"column":3}}]},"11":{"type":"branch","line":23,"loc":{"start":{"line":23,"column":46},"end":{"line":23,"column":66}},"locations":[{"start":{"line":23,"column":46},"end":{"line":23,"column":66}}]},"12":{"type":"branch","line":25,"loc":{"start":{"line":25,"column":21},"end":{"line":28,"column":9}},"locations":[{"start":{"line":25,"column":21},"end":{"line":28,"column":9}}]}},"b":{"0":[8],"1":[2],"2":[6],"3":[2],"4":[1],"5":[1],"6":[0],"7":[1],"8":[1],"9":[16],"10":[1],"11":[12],"12":[12]},"fnMap":{"0":{"name":"DetailedCard","decl":{"start":{"line":10,"column":21},"end":{"line":45,"column":2}},"loc":{"start":{"line":10,"column":21},"end":{"line":45,"column":2}},"line":10},"1":{"name":"renderData","decl":{"start":{"line":22,"column":20},"end":{"line":30,"column":3}},"loc":{"start":{"line":22,"column":20},"end":{"line":30,"column":3}},"line":22},"2":{"name":"onClick","decl":{"start":{"line":39,"column":21},"end":{"line":39,"column":58}},"loc":{"start":{"line":39,"column":21},"end":{"line":39,"column":58}},"line":39}},"f":{"0":8,"1":1,"2":0}}
,"/home/aleks/webdev/Documents/rsSchool/rs-schooll-REACT2024Q3/src/components/downloader/Downloader.tsx": {"path":"/home/aleks/webdev/Documents/rsSchool/rs-schooll-REACT2024Q3/src/components/downloader/Downloader.tsx","all":false,"statementMap":{"0":{"start":{"line":1,"column":0},"end":{"line":1,"column":33}},"2":{"start":{"line":3,"column":0},"end":{"line":3,"column":41}},"3":{"start":{"line":4,"column":0},"end":{"line":4,"column":26}},"4":{"start":{"line":5,"column":0},"end":{"line":5,"column":30}},"5":{"start":{"line":6,"column":0},"end":{"line":6,"column":26}},"6":{"start":{"line":7,"column":0},"end":{"line":7,"column":41}},"8":{"start":{"line":9,"column":0},"end":{"line":9,"column":9}},"9":{"start":{"line":10,"column":0},"end":{"line":10,"column":35}},"10":{"start":{"line":11,"column":0},"end":{"line":11,"column":69}},"11":{"start":{"line":12,"column":0},"end":{"line":12,"column":8}},"13":{"start":{"line":14,"column":0},"end":{"line":14,"column":2}},"15":{"start":{"line":16,"column":0},"end":{"line":16,"column":26}}},"s":{"0":1,"2":1,"3":1,"4":1,"5":1,"6":9,"8":9,"9":9,"10":9,"11":9,"13":9,"15":1},"branchMap":{"0":{"type":"branch","line":6,"loc":{"start":{"line":6,"column":19},"end":{"line":14,"column":2}},"locations":[{"start":{"line":6,"column":19},"end":{"line":14,"column":2}}]},"1":{"type":"branch","line":11,"loc":{"start":{"line":11,"column":4},"end":{"line":11,"column":40}},"locations":[{"start":{"line":11,"column":4},"end":{"line":11,"column":40}}]},"2":{"type":"branch","line":11,"loc":{"start":{"line":11,"column":35},"end":{"line":11,"column":69}},"locations":[{"start":{"line":11,"column":35},"end":{"line":11,"column":69}}]}},"b":{"0":[9],"1":[2],"2":[7]},"fnMap":{"0":{"name":"Downloader","decl":{"start":{"line":6,"column":19},"end":{"line":14,"column":2}},"loc":{"start":{"line":6,"column":19},"end":{"line":14,"column":2}},"line":6}},"f":{"0":9}}
,"/home/aleks/webdev/Documents/rsSchool/rs-schooll-REACT2024Q3/src/components/downloader/Sure.tsx": {"path":"/home/aleks/webdev/Documents/rsSchool/rs-schooll-REACT2024Q3/src/components/downloader/Sure.tsx","all":false,"statementMap":{"0":{"start":{"line":1,"column":0},"end":{"line":1,"column":42}},"1":{"start":{"line":2,"column":0},"end":{"line":2,"column":57}},"2":{"start":{"line":3,"column":0},"end":{"line":3,"column":68}},"7":{"start":{"line":8,"column":0},"end":{"line":8,"column":61}},"8":{"start":{"line":9,"column":0},"end":{"line":9,"column":35}},"9":{"start":{"line":10,"column":0},"end":{"line":10,"column":9}},"10":{"start":{"line":11,"column":0},"end":{"line":11,"column":4}},"11":{"start":{"line":12,"column":0},"end":{"line":12,"column":29}},"12":{"start":{"line":13,"column":0},"end":{"line":13,"column":70}},"13":{"start":{"line":14,"column":0},"end":{"line":14,"column":53}},"14":{"start":{"line":15,"column":0},"end":{"line":15,"column":5}},"16":{"start":{"line":17,"column":0},"end":{"line":17,"column":2}},"18":{"start":{"line":19,"column":0},"end":{"line":19,"column":20}}},"s":{"0":1,"1":1,"2":1,"7":1,"8":2,"9":2,"10":2,"11":2,"12":2,"13":2,"14":2,"16":2,"18":1},"branchMap":{"0":{"type":"branch","line":8,"loc":{"start":{"line":8,"column":43},"end":{"line":17,"column":2}},"locations":[{"start":{"line":8,"column":43},"end":{"line":17,"column":2}}]},"1":{"type":"branch","line":14,"loc":{"start":{"line":14,"column":20},"end":{"line":14,"column":42}},"locations":[{"start":{"line":14,"column":20},"end":{"line":14,"column":42}}]}},"b":{"0":[2],"1":[1]},"fnMap":{"0":{"name":"Sure","decl":{"start":{"line":8,"column":43},"end":{"line":17,"column":2}},"loc":{"start":{"line":8,"column":43},"end":{"line":17,"column":2}},"line":8},"1":{"name":"onClick","decl":{"start":{"line":13,"column":20},"end":{"line":13,"column":58}},"loc":{"start":{"line":13,"column":20},"end":{"line":13,"column":58}},"line":13},"2":{"name":"onClick","decl":{"start":{"line":14,"column":20},"end":{"line":14,"column":42}},"loc":{"start":{"line":14,"column":20},"end":{"line":14,"column":42}},"line":14}},"f":{"0":2,"1":0,"2":1}}
,"/home/aleks/webdev/Documents/rsSchool/rs-schooll-REACT2024Q3/src/components/downloader/UnSure.tsx": {"path":"/home/aleks/webdev/Documents/rsSchool/rs-schooll-REACT2024Q3/src/components/downloader/UnSure.tsx","all":false,"statementMap":{"0":{"start":{"line":1,"column":0},"end":{"line":1,"column":36}},"1":{"start":{"line":2,"column":0},"end":{"line":2,"column":57}},"3":{"start":{"line":4,"column":0},"end":{"line":4,"column":41}},"10":{"start":{"line":11,"column":0},"end":{"line":11,"column":65}},"11":{"start":{"line":12,"column":0},"end":{"line":12,"column":66}},"13":{"start":{"line":14,"column":0},"end":{"line":14,"column":68}},"15":{"start":{"line":16,"column":0},"end":{"line":16,"column":9}},"16":{"start":{"line":17,"column":0},"end":{"line":17,"column":4}},"17":{"start":{"line":18,"column":0},"end":{"line":18,"column":75}},"18":{"start":{"line":19,"column":0},"end":{"line":19,"column":26}},"19":{"start":{"line":20,"column":0},"end":{"line":20,"column":10}},"20":{"start":{"line":21,"column":0},"end":{"line":21,"column":77}},"21":{"start":{"line":22,"column":0},"end":{"line":22,"column":62}},"22":{"start":{"line":23,"column":0},"end":{"line":23,"column":11}},"23":{"start":{"line":24,"column":0},"end":{"line":24,"column":34}},"24":{"start":{"line":25,"column":0},"end":{"line":25,"column":24}},"25":{"start":{"line":26,"column":0},"end":{"line":26,"column":23}},"26":{"start":{"line":27,"column":0},"end":{"line":27,"column":4}},"28":{"start":{"line":29,"column":0},"end":{"line":29,"column":13}},"29":{"start":{"line":30,"column":0},"end":{"line":30,"column":5}},"31":{"start":{"line":32,"column":0},"end":{"line":32,"column":2}},"33":{"start":{"line":34,"column":0},"end":{"line":34,"column":22}}},"s":{"0":1,"1":1,"3":1,"10":1,"11":7,"13":7,"15":7,"16":7,"17":7,"18":7,"19":7,"20":7,"21":7,"22":7,"23":7,"24":7,"25":7,"26":7,"28":7,"29":7,"31":7,"33":1},"branchMap":{"0":{"type":"branch","line":11,"loc":{"start":{"line":11,"column":47},"end":{"line":32,"column":2}},"locations":[{"start":{"line":11,"column":47},"end":{"line":32,"column":2}}]},"1":{"type":"branch","line":21,"loc":{"start":{"line":21,"column":33},"end":{"line":21,"column":51}},"locations":[{"start":{"line":21,"column":33},"end":{"line":21,"column":51}}]},"2":{"type":"branch","line":21,"loc":{"start":{"line":21,"column":37},"end":{"line":21,"column":61}},"locations":[{"start":{"line":21,"column":37},"end":{"line":21,"column":61}}]},"3":{"type":"branch","line":12,"loc":{"start":{"line":12,"column":42},"end":{"line":12,"column":64}},"locations":[{"start":{"line":12,"column":42},"end":{"line":12,"column":64}}]},"4":{"type":"branch","line":22,"loc":{"start":{"line":22,"column":20},"end":{"line":22,"column":41}},"locations":[{"start":{"line":22,"column":20},"end":{"line":22,"column":41}}]}},"b":{"0":[7],"1":[6],"2":[1],"3":[14],"4":[2]},"fnMap":{"0":{"name":"UnSure","decl":{"start":{"line":11,"column":47},"end":{"line":32,"column":2}},"loc":{"start":{"line":11,"column":47},"end":{"line":32,"column":2}},"line":11},"1":{"name":"onClick","decl":{"start":{"line":22,"column":20},"end":{"line":22,"column":41}},"loc":{"start":{"line":22,"column":20},"end":{"line":22,"column":41}},"line":22}},"f":{"0":7,"1":2}}
,"/home/aleks/webdev/Documents/rsSchool/rs-schooll-REACT2024Q3/src/components/error/errorFallBack/ErrorFallBack.tsx": {"path":"/home/aleks/webdev/Documents/rsSchool/rs-schooll-REACT2024Q3/src/components/error/errorFallBack/ErrorFallBack.tsx","all":true,"statementMap":{"0":{"start":{"line":1,"column":0},"end":{"line":1,"column":41}},"2":{"start":{"line":3,"column":0},"end":{"line":3,"column":29}},"3":{"start":{"line":4,"column":0},"end":{"line":4,"column":29}},"4":{"start":{"line":5,"column":0},"end":{"line":5,"column":27}},"5":{"start":{"line":6,"column":0},"end":{"line":6,"column":3}},"7":{"start":{"line":8,"column":0},"end":{"line":8,"column":9}},"8":{"start":{"line":9,"column":0},"end":{"line":9,"column":30}},"9":{"start":{"line":10,"column":0},"end":{"line":10,"column":57}},"10":{"start":{"line":11,"column":0},"end":{"line":11,"column":77}},"11":{"start":{"line":12,"column":0},"end":{"line":12,"column":31}},"12":{"start":{"line":13,"column":0},"end":{"line":13,"column":8}},"13":{"start":{"line":14,"column":0},"end":{"line":14,"column":16}},"14":{"start":{"line":15,"column":0},"end":{"line":15,"column":17}},"15":{"start":{"line":16,"column":0},"end":{"line":16,"column":21}},"16":{"start":{"line":17,"column":0},"end":{"line":17,"column":16}},"17":{"start":{"line":18,"column":0},"end":{"line":18,"column":6}},"18":{"start":{"line":19,"column":0},"end":{"line":19,"column":9}},"19":{"start":{"line":20,"column":0},"end":{"line":20,"column":53}},"20":{"start":{"line":21,"column":0},"end":{"line":21,"column":8}},"22":{"start":{"line":23,"column":0},"end":{"line":23,"column":2}},"24":{"start":{"line":25,"column":0},"end":{"line":25,"column":29}}},"s":{"0":0,"2":0,"3":0,"4":0,"5":0,"7":0,"8":0,"9":0,"10":0,"11":0,"12":0,"13":0,"14":0,"15":0,"16":0,"17":0,"18":0,"19":0,"20":0,"22":0,"24":0},"branchMap":{"0":{"type":"branch","line":1,"loc":{"start":{"line":1,"column":0},"end":{"line":25,"column":-287}},"locations":[{"start":{"line":1,"column":0},"end":{"line":25,"column":-287}}]}},"b":{"0":[0]},"fnMap":{"0":{"name":"(empty-report)","decl":{"start":{"line":1,"column":0},"end":{"line":25,"column":-287}},"loc":{"start":{"line":1,"column":0},"end":{"line":25,"column":-287}},"line":1}},"f":{"0":0}}
,"/home/aleks/webdev/Documents/rsSchool/rs-schooll-REACT2024Q3/src/components/layout/footer/Footer.tsx": {"path":"/home/aleks/webdev/Documents/rsSchool/rs-schooll-REACT2024Q3/src/components/layout/footer/Footer.tsx","all":false,"statementMap":{"0":{"start":{"line":1,"column":0},"end":{"line":1,"column":41}},"2":{"start":{"line":3,"column":0},"end":{"line":3,"column":22}},"3":{"start":{"line":4,"column":0},"end":{"line":4,"column":9}},"4":{"start":{"line":5,"column":0},"end":{"line":5,"column":39}},"5":{"start":{"line":6,"column":0},"end":{"line":6,"column":5}},"6":{"start":{"line":7,"column":0},"end":{"line":7,"column":43}},"7":{"start":{"line":8,"column":0},"end":{"line":8,"column":19}},"8":{"start":{"line":9,"column":0},"end":{"line":9,"column":20}},"9":{"start":{"line":10,"column":0},"end":{"line":10,"column":4}},"11":{"start":{"line":12,"column":0},"end":{"line":12,"column":7}},"12":{"start":{"line":13,"column":0},"end":{"line":13,"column":43}},"13":{"start":{"line":14,"column":0},"end":{"line":14,"column":11}},"15":{"start":{"line":16,"column":0},"end":{"line":16,"column":2}},"17":{"start":{"line":18,"column":0},"end":{"line":18,"column":22}}},"s":{"0":1,"2":1,"3":2,"4":2,"5":2,"6":2,"7":2,"8":2,"9":2,"11":2,"12":2,"13":2,"15":2,"17":1},"branchMap":{"0":{"type":"branch","line":3,"loc":{"start":{"line":3,"column":15},"end":{"line":16,"column":2}},"locations":[{"start":{"line":3,"column":15},"end":{"line":16,"column":2}}]}},"b":{"0":[2]},"fnMap":{"0":{"name":"Footer","decl":{"start":{"line":3,"column":15},"end":{"line":16,"column":2}},"loc":{"start":{"line":3,"column":15},"end":{"line":16,"column":2}},"line":3}},"f":{"0":2}}
,"/home/aleks/webdev/Documents/rsSchool/rs-schooll-REACT2024Q3/src/components/layout/header/Header.tsx": {"path":"/home/aleks/webdev/Documents/rsSchool/rs-schooll-REACT2024Q3/src/components/layout/header/Header.tsx","all":false,"statementMap":{"0":{"start":{"line":1,"column":0},"end":{"line":1,"column":41}},"1":{"start":{"line":2,"column":0},"end":{"line":2,"column":59}},"2":{"start":{"line":3,"column":0},"end":{"line":3,"column":56}},"3":{"start":{"line":4,"column":0},"end":{"line":4,"column":35}},"5":{"start":{"line":6,"column":0},"end":{"line":6,"column":22}},"6":{"start":{"line":7,"column":0},"end":{"line":7,"column":9}},"7":{"start":{"line":8,"column":0},"end":{"line":8,"column":9}},"8":{"start":{"line":9,"column":0},"end":{"line":9,"column":31}},"9":{"start":{"line":10,"column":0},"end":{"line":10,"column":43}},"11":{"start":{"line":12,"column":0},"end":{"line":12,"column":11}},"12":{"start":{"line":13,"column":0},"end":{"line":13,"column":19}},"13":{"start":{"line":14,"column":0},"end":{"line":14,"column":18}},"14":{"start":{"line":15,"column":0},"end":{"line":15,"column":11}},"16":{"start":{"line":17,"column":0},"end":{"line":17,"column":2}},"18":{"start":{"line":19,"column":0},"end":{"line":19,"column":22}}},"s":{"0":1,"1":1,"2":1,"3":1,"5":1,"6":2,"7":2,"8":2,"9":2,"11":2,"12":2,"13":2,"14":2,"16":2,"18":1},"branchMap":{"0":{"type":"branch","line":6,"loc":{"start":{"line":6,"column":15},"end":{"line":17,"column":2}},"locations":[{"start":{"line":6,"column":15},"end":{"line":17,"column":2}}]}},"b":{"0":[2]},"fnMap":{"0":{"name":"Header","decl":{"start":{"line":6,"column":15},"end":{"line":17,"column":2}},"loc":{"start":{"line":6,"column":15},"end":{"line":17,"column":2}},"line":6}},"f":{"0":2}}
,"/home/aleks/webdev/Documents/rsSchool/rs-schooll-REACT2024Q3/src/components/loader/loader.tsx": {"path":"/home/aleks/webdev/Documents/rsSchool/rs-schooll-REACT2024Q3/src/components/loader/loader.tsx","all":false,"statementMap":{"0":{"start":{"line":1,"column":0},"end":{"line":1,"column":41}},"1":{"start":{"line":2,"column":0},"end":{"line":2,"column":22}},"2":{"start":{"line":3,"column":0},"end":{"line":3,"column":9}},"3":{"start":{"line":4,"column":0},"end":{"line":4,"column":6}},"4":{"start":{"line":5,"column":0},"end":{"line":5,"column":15}},"5":{"start":{"line":6,"column":0},"end":{"line":6,"column":25}},"7":{"start":{"line":8,"column":0},"end":{"line":8,"column":20}},"8":{"start":{"line":9,"column":0},"end":{"line":9,"column":31}},"9":{"start":{"line":10,"column":0},"end":{"line":10,"column":8}},"10":{"start":{"line":11,"column":0},"end":{"line":11,"column":18}},"11":{"start":{"line":12,"column":0},"end":{"line":12,"column":19}},"12":{"start":{"line":13,"column":0},"end":{"line":13,"column":20}},"13":{"start":{"line":14,"column":0},"end":{"line":14,"column":24}},"14":{"start":{"line":15,"column":0},"end":{"line":15,"column":6}},"15":{"start":{"line":16,"column":0},"end":{"line":16,"column":9}},"16":{"start":{"line":17,"column":0},"end":{"line":17,"column":8}},"18":{"start":{"line":19,"column":0},"end":{"line":19,"column":2}},"20":{"start":{"line":21,"column":0},"end":{"line":21,"column":22}}},"s":{"0":1,"1":1,"2":13,"3":13,"4":13,"5":13,"7":13,"8":13,"9":13,"10":13,"11":13,"12":13,"13":13,"14":13,"15":13,"16":13,"18":13,"20":1},"branchMap":{"0":{"type":"branch","line":2,"loc":{"start":{"line":2,"column":15},"end":{"line":19,"column":2}},"locations":[{"start":{"line":2,"column":15},"end":{"line":19,"column":2}}]}},"b":{"0":[13]},"fnMap":{"0":{"name":"Loader","decl":{"start":{"line":2,"column":15},"end":{"line":19,"column":2}},"loc":{"start":{"line":2,"column":15},"end":{"line":19,"column":2}},"line":2}},"f":{"0":13}}
,"/home/aleks/webdev/Documents/rsSchool/rs-schooll-REACT2024Q3/src/components/logo/Logo.tsx": {"path":"/home/aleks/webdev/Documents/rsSchool/rs-schooll-REACT2024Q3/src/components/logo/Logo.tsx","all":false,"statementMap":{"0":{"start":{"line":1,"column":0},"end":{"line":1,"column":33}},"2":{"start":{"line":3,"column":0},"end":{"line":3,"column":41}},"4":{"start":{"line":5,"column":0},"end":{"line":5,"column":20}},"5":{"start":{"line":6,"column":0},"end":{"line":6,"column":65}},"7":{"start":{"line":8,"column":0},"end":{"line":8,"column":9}},"8":{"start":{"line":9,"column":0},"end":{"line":9,"column":34}},"9":{"start":{"line":10,"column":0},"end":{"line":10,"column":5}},"10":{"start":{"line":11,"column":0},"end":{"line":11,"column":19}},"11":{"start":{"line":12,"column":0},"end":{"line":12,"column":19}},"12":{"start":{"line":13,"column":0},"end":{"line":13,"column":20}},"13":{"start":{"line":14,"column":0},"end":{"line":14,"column":51}},"14":{"start":{"line":15,"column":0},"end":{"line":15,"column":4}},"16":{"start":{"line":17,"column":0},"end":{"line":17,"column":7}},"17":{"start":{"line":18,"column":0},"end":{"line":18,"column":8}},"19":{"start":{"line":20,"column":0},"end":{"line":20,"column":2}},"21":{"start":{"line":22,"column":0},"end":{"line":22,"column":20}}},"s":{"0":1,"2":1,"4":1,"5":3,"7":3,"8":3,"9":3,"10":3,"11":3,"12":3,"13":3,"14":3,"16":3,"17":3,"19":3,"21":1},"branchMap":{"0":{"type":"branch","line":5,"loc":{"start":{"line":5,"column":13},"end":{"line":20,"column":2}},"locations":[{"start":{"line":5,"column":13},"end":{"line":20,"column":2}}]}},"b":{"0":[3]},"fnMap":{"0":{"name":"Logo","decl":{"start":{"line":5,"column":13},"end":{"line":20,"column":2}},"loc":{"start":{"line":5,"column":13},"end":{"line":20,"column":2}},"line":5}},"f":{"0":3}}
,"/home/aleks/webdev/Documents/rsSchool/rs-schooll-REACT2024Q3/src/components/pagination/Pagination.tsx": {"path":"/home/aleks/webdev/Documents/rsSchool/rs-schooll-REACT2024Q3/src/components/pagination/Pagination.tsx","all":false,"statementMap":{"0":{"start":{"line":1,"column":0},"end":{"line":1,"column":73}},"1":{"start":{"line":2,"column":0},"end":{"line":2,"column":60}},"3":{"start":{"line":4,"column":0},"end":{"line":4,"column":36}},"4":{"start":{"line":5,"column":0},"end":{"line":5,"column":41}},"6":{"start":{"line":7,"column":0},"end":{"line":7,"column":26}},"7":{"start":{"line":8,"column":0},"end":{"line":8,"column":35}},"8":{"start":{"line":9,"column":0},"end":{"line":9,"column":73}},"9":{"start":{"line":10,"column":0},"end":{"line":10,"column":25}},"10":{"start":{"line":11,"column":0},"end":{"line":11,"column":3}},"12":{"start":{"line":13,"column":0},"end":{"line":13,"column":9}},"13":{"start":{"line":14,"column":0},"end":{"line":14,"column":6}},"14":{"start":{"line":15,"column":0},"end":{"line":15,"column":35}},"15":{"start":{"line":16,"column":0},"end":{"line":16,"column":37}},"17":{"start":{"line":18,"column":0},"end":{"line":18,"column":46}},"18":{"start":{"line":19,"column":0},"end":{"line":19,"column":47}},"19":{"start":{"line":20,"column":0},"end":{"line":20,"column":12}},"20":{"start":{"line":21,"column":0},"end":{"line":21,"column":26}},"21":{"start":{"line":22,"column":0},"end":{"line":22,"column":22}},"22":{"start":{"line":23,"column":0},"end":{"line":23,"column":46}},"23":{"start":{"line":24,"column":0},"end":{"line":24,"column":8}},"24":{"start":{"line":25,"column":0},"end":{"line":25,"column":32}},"25":{"start":{"line":26,"column":0},"end":{"line":26,"column":6}},"27":{"start":{"line":28,"column":0},"end":{"line":28,"column":14}},"28":{"start":{"line":29,"column":0},"end":{"line":29,"column":9}},"29":{"start":{"line":30,"column":0},"end":{"line":30,"column":75}},"30":{"start":{"line":31,"column":0},"end":{"line":31,"column":43}},"31":{"start":{"line":32,"column":0},"end":{"line":32,"column":44}},"32":{"start":{"line":33,"column":0},"end":{"line":33,"column":11}},"33":{"start":{"line":34,"column":0},"end":{"line":34,"column":43}},"35":{"start":{"line":36,"column":0},"end":{"line":36,"column":12}},"36":{"start":{"line":37,"column":0},"end":{"line":37,"column":26}},"37":{"start":{"line":38,"column":0},"end":{"line":38,"column":13}},"38":{"start":{"line":39,"column":0},"end":{"line":39,"column":11}},"39":{"start":{"line":40,"column":0},"end":{"line":40,"column":9}},"40":{"start":{"line":41,"column":0},"end":{"line":41,"column":47}},"41":{"start":{"line":42,"column":0},"end":{"line":42,"column":12}},"42":{"start":{"line":43,"column":0},"end":{"line":43,"column":22}},"43":{"start":{"line":44,"column":0},"end":{"line":44,"column":22}},"44":{"start":{"line":45,"column":0},"end":{"line":45,"column":54}},"45":{"start":{"line":46,"column":0},"end":{"line":46,"column":8}},"46":{"start":{"line":47,"column":0},"end":{"line":47,"column":28}},"47":{"start":{"line":48,"column":0},"end":{"line":48,"column":6}},"49":{"start":{"line":50,"column":0},"end":{"line":50,"column":14}},"50":{"start":{"line":51,"column":0},"end":{"line":51,"column":9}},"51":{"start":{"line":52,"column":0},"end":{"line":52,"column":8}},"52":{"start":{"line":53,"column":0},"end":{"line":53,"column":8}},"54":{"start":{"line":55,"column":0},"end":{"line":55,"column":2}},"56":{"start":{"line":57,"column":0},"end":{"line":57,"column":26}}},"s":{"0":1,"1":1,"3":1,"4":1,"6":1,"7":15,"8":15,"9":15,"10":15,"12":15,"13":15,"14":15,"15":15,"17":15,"18":15,"19":15,"20":15,"21":15,"22":1,"23":1,"24":15,"25":15,"27":15,"28":15,"29":15,"30":15,"31":15,"32":15,"33":15,"35":15,"36":15,"37":15,"38":15,"39":15,"40":15,"41":15,"42":15,"43":15,"44":1,"45":1,"46":15,"47":15,"49":15,"50":15,"51":15,"52":15,"54":15,"56":1},"branchMap":{"0":{"type":"branch","line":7,"loc":{"start":{"line":7,"column":19},"end":{"line":55,"column":2}},"locations":[{"start":{"line":7,"column":19},"end":{"line":55,"column":2}}]},"1":{"type":"branch","line":10,"loc":{"start":{"line":10,"column":2},"end":{"line":10,"column":25}},"locations":[{"start":{"line":10,"column":2},"end":{"line":10,"column":25}}]},"2":{"type":"branch","line":22,"loc":{"start":{"line":22,"column":15},"end":{"line":24,"column":8}},"locations":[{"start":{"line":22,"column":15},"end":{"line":24,"column":8}}]},"3":{"type":"branch","line":44,"loc":{"start":{"line":44,"column":15},"end":{"line":46,"column":8}},"locations":[{"start":{"line":44,"column":15},"end":{"line":46,"column":8}}]}},"b":{"0":[15],"1":[29],"2":[1],"3":[1]},"fnMap":{"0":{"name":"Pagination","decl":{"start":{"line":7,"column":19},"end":{"line":55,"column":2}},"loc":{"start":{"line":7,"column":19},"end":{"line":55,"column":2}},"line":7},"1":{"name":"onClick","decl":{"start":{"line":22,"column":15},"end":{"line":24,"column":8}},"loc":{"start":{"line":22,"column":15},"end":{"line":24,"column":8}},"line":22},"2":{"name":"onClick","decl":{"start":{"line":44,"column":15},"end":{"line":46,"column":8}},"loc":{"start":{"line":44,"column":15},"end":{"line":46,"column":8}},"line":44}},"f":{"0":15,"1":1,"2":1}}
,"/home/aleks/webdev/Documents/rsSchool/rs-schooll-REACT2024Q3/src/components/searchBar/SearchBar.tsx": {"path":"/home/aleks/webdev/Documents/rsSchool/rs-schooll-REACT2024Q3/src/components/searchBar/SearchBar.tsx","all":false,"statementMap":{"0":{"start":{"line":1,"column":0},"end":{"line":1,"column":68}},"2":{"start":{"line":3,"column":0},"end":{"line":3,"column":41}},"3":{"start":{"line":4,"column":0},"end":{"line":4,"column":73}},"4":{"start":{"line":5,"column":0},"end":{"line":5,"column":79}},"6":{"start":{"line":7,"column":0},"end":{"line":7,"column":25}},"7":{"start":{"line":8,"column":0},"end":{"line":8,"column":35}},"9":{"start":{"line":10,"column":0},"end":{"line":10,"column":64}},"11":{"start":{"line":12,"column":0},"end":{"line":12,"column":51}},"12":{"start":{"line":13,"column":0},"end":{"line":13,"column":57}},"14":{"start":{"line":15,"column":0},"end":{"line":15,"column":71}},"15":{"start":{"line":16,"column":0},"end":{"line":16,"column":24}},"16":{"start":{"line":17,"column":0},"end":{"line":17,"column":36}},"17":{"start":{"line":18,"column":0},"end":{"line":18,"column":3}},"18":{"start":{"line":19,"column":0},"end":{"line":19,"column":3}},"20":{"start":{"line":21,"column":0},"end":{"line":21,"column":58}},"21":{"start":{"line":22,"column":0},"end":{"line":22,"column":21}},"22":{"start":{"line":23,"column":0},"end":{"line":23,"column":32}},"24":{"start":{"line":25,"column":0},"end":{"line":25,"column":15}},"25":{"start":{"line":26,"column":0},"end":{"line":26,"column":36}},"26":{"start":{"line":27,"column":0},"end":{"line":27,"column":17}},"27":{"start":{"line":28,"column":0},"end":{"line":28,"column":10}},"28":{"start":{"line":29,"column":0},"end":{"line":29,"column":3}},"30":{"start":{"line":31,"column":0},"end":{"line":31,"column":60}},"32":{"start":{"line":33,"column":0},"end":{"line":33,"column":31}},"33":{"start":{"line":34,"column":0},"end":{"line":34,"column":3}},"35":{"start":{"line":36,"column":0},"end":{"line":36,"column":18}},"36":{"start":{"line":37,"column":0},"end":{"line":37,"column":47}},"37":{"start":{"line":38,"column":0},"end":{"line":38,"column":26}},"38":{"start":{"line":39,"column":0},"end":{"line":39,"column":11}},"40":{"start":{"line":41,"column":0},"end":{"line":41,"column":48}},"41":{"start":{"line":42,"column":0},"end":{"line":42,"column":20}},"43":{"start":{"line":44,"column":0},"end":{"line":44,"column":18}},"44":{"start":{"line":45,"column":0},"end":{"line":45,"column":45}},"45":{"start":{"line":46,"column":0},"end":{"line":46,"column":16}},"46":{"start":{"line":47,"column":0},"end":{"line":47,"column":37}},"47":{"start":{"line":48,"column":0},"end":{"line":48,"column":18}},"48":{"start":{"line":49,"column":0},"end":{"line":49,"column":4}},"49":{"start":{"line":50,"column":0},"end":{"line":50,"column":11}},"51":{"start":{"line":52,"column":0},"end":{"line":52,"column":46}},"52":{"start":{"line":53,"column":0},"end":{"line":53,"column":24}},"54":{"start":{"line":55,"column":0},"end":{"line":55,"column":9}},"55":{"start":{"line":56,"column":0},"end":{"line":56,"column":4}},"56":{"start":{"line":57,"column":0},"end":{"line":57,"column":8}},"57":{"start":{"line":58,"column":0},"end":{"line":58,"column":33}},"58":{"start":{"line":59,"column":0},"end":{"line":59,"column":27}},"60":{"start":{"line":61,"column":0},"end":{"line":61,"column":52}},"61":{"start":{"line":62,"column":0},"end":{"line":62,"column":10}},"62":{"start":{"line":63,"column":0},"end":{"line":63,"column":38}},"63":{"start":{"line":64,"column":0},"end":{"line":64,"column":19}},"64":{"start":{"line":65,"column":0},"end":{"line":65,"column":18}},"65":{"start":{"line":66,"column":0},"end":{"line":66,"column":18}},"66":{"start":{"line":67,"column":0},"end":{"line":67,"column":16}},"67":{"start":{"line":68,"column":0},"end":{"line":68,"column":32}},"68":{"start":{"line":69,"column":0},"end":{"line":69,"column":6}},"69":{"start":{"line":70,"column":0},"end":{"line":70,"column":41}},"70":{"start":{"line":71,"column":0},"end":{"line":71,"column":10}},"71":{"start":{"line":72,"column":0},"end":{"line":72,"column":60}},"72":{"start":{"line":73,"column":0},"end":{"line":73,"column":5}},"74":{"start":{"line":75,"column":0},"end":{"line":75,"column":2}},"76":{"start":{"line":77,"column":0},"end":{"line":77,"column":25}}},"s":{"0":1,"2":1,"3":1,"4":1,"6":1,"7":29,"9":29,"11":29,"12":29,"14":29,"15":23,"16":23,"17":23,"18":23,"20":29,"21":2,"22":2,"24":2,"25":1,"26":1,"27":1,"28":1,"30":2,"32":0,"33":2,"35":29,"36":5,"37":0,"38":5,"40":5,"41":29,"43":29,"44":28,"45":0,"46":0,"47":0,"48":0,"49":28,"51":28,"52":29,"54":29,"55":29,"56":29,"57":29,"58":29,"60":29,"61":29,"62":29,"63":29,"64":29,"65":29,"66":29,"67":29,"68":29,"69":29,"70":29,"71":29,"72":29,"74":29,"76":1},"branchMap":{"0":{"type":"branch","line":7,"loc":{"start":{"line":7,"column":18},"end":{"line":75,"column":2}},"locations":[{"start":{"line":7,"column":18},"end":{"line":75,"column":2}}]},"1":{"type":"branch","line":72,"loc":{"start":{"line":72,"column":4},"end":{"line":72,"column":60}},"locations":[{"start":{"line":72,"column":4},"end":{"line":72,"column":60}}]},"2":{"type":"branch","line":10,"loc":{"start":{"line":10,"column":40},"end":{"line":10,"column":62}},"locations":[{"start":{"line":10,"column":40},"end":{"line":10,"column":62}}]},"3":{"type":"branch","line":15,"loc":{"start":{"line":15,"column":32},"end":{"line":19,"column":3}},"locations":[{"start":{"line":15,"column":32},"end":{"line":19,"column":3}}]},"4":{"type":"branch","line":21,"loc":{"start":{"line":21,"column":22},"end":{"line":34,"column":3}},"locations":[{"start":{"line":21,"column":22},"end":{"line":34,"column":3}}]},"5":{"type":"branch","line":25,"loc":{"start":{"line":25,"column":14},"end":{"line":31,"column":31}},"locations":[{"start":{"line":25,"column":14},"end":{"line":31,"column":31}}]},"6":{"type":"branch","line":31,"loc":{"start":{"line":31,"column":31},"end":{"line":31,"column":60}},"locations":[{"start":{"line":31,"column":31},"end":{"line":31,"column":60}}]},"7":{"type":"branch","line":31,"loc":{"start":{"line":31,"column":58},"end":{"line":33,"column":31}},"locations":[{"start":{"line":31,"column":58},"end":{"line":33,"column":31}}]},"8":{"type":"branch","line":36,"loc":{"start":{"line":36,"column":11},"end":{"line":42,"column":4}},"locations":[{"start":{"line":36,"column":11},"end":{"line":42,"column":4}}]},"9":{"type":"branch","line":41,"loc":{"start":{"line":41,"column":9},"end":{"line":41,"column":48}},"locations":[{"start":{"line":41,"column":9},"end":{"line":41,"column":48}}]},"10":{"type":"branch","line":44,"loc":{"start":{"line":44,"column":11},"end":{"line":53,"column":4}},"locations":[{"start":{"line":44,"column":11},"end":{"line":53,"column":4}}]},"11":{"type":"branch","line":52,"loc":{"start":{"line":52,"column":9},"end":{"line":52,"column":46}},"locations":[{"start":{"line":52,"column":9},"end":{"line":52,"column":46}}]}},"b":{"0":[29],"1":[1],"2":[38],"3":[23],"4":[2],"5":[1],"6":[1],"7":[0],"8":[5],"9":[5],"10":[28],"11":[28]},"fnMap":{"0":{"name":"SearchBar","decl":{"start":{"line":7,"column":18},"end":{"line":75,"column":2}},"loc":{"start":{"line":7,"column":18},"end":{"line":75,"column":2}},"line":7},"1":{"name":"handleChangeInputValue","decl":{"start":{"line":15,"column":32},"end":{"line":19,"column":3}},"loc":{"start":{"line":15,"column":32},"end":{"line":19,"column":3}},"line":15},"2":{"name":"handleSubmit","decl":{"start":{"line":21,"column":22},"end":{"line":34,"column":3}},"loc":{"start":{"line":21,"column":22},"end":{"line":34,"column":3}},"line":21}},"f":{"0":29,"1":23,"2":2}}
,"/home/aleks/webdev/Documents/rsSchool/rs-schooll-REACT2024Q3/src/components/socialLinks/SocialLinks.tsx": {"path":"/home/aleks/webdev/Documents/rsSchool/rs-schooll-REACT2024Q3/src/components/socialLinks/SocialLinks.tsx","all":false,"statementMap":{"0":{"start":{"line":1,"column":0},"end":{"line":1,"column":33}},"2":{"start":{"line":3,"column":0},"end":{"line":3,"column":41}},"4":{"start":{"line":5,"column":0},"end":{"line":5,"column":27}},"5":{"start":{"line":6,"column":0},"end":{"line":6,"column":33}},"6":{"start":{"line":7,"column":0},"end":{"line":7,"column":3}},"7":{"start":{"line":8,"column":0},"end":{"line":8,"column":59}},"8":{"start":{"line":9,"column":0},"end":{"line":9,"column":20}},"9":{"start":{"line":10,"column":0},"end":{"line":10,"column":4}},"10":{"start":{"line":11,"column":0},"end":{"line":11,"column":3}},"11":{"start":{"line":12,"column":0},"end":{"line":12,"column":59}},"12":{"start":{"line":13,"column":0},"end":{"line":13,"column":21}},"13":{"start":{"line":14,"column":0},"end":{"line":14,"column":4}},"14":{"start":{"line":15,"column":0},"end":{"line":15,"column":3}},"15":{"start":{"line":16,"column":0},"end":{"line":16,"column":59}},"16":{"start":{"line":17,"column":0},"end":{"line":17,"column":21}},"17":{"start":{"line":18,"column":0},"end":{"line":18,"column":4}},"18":{"start":{"line":19,"column":0},"end":{"line":19,"column":4}},"19":{"start":{"line":20,"column":0},"end":{"line":20,"column":9}},"20":{"start":{"line":21,"column":0},"end":{"line":21,"column":39}},"21":{"start":{"line":22,"column":0},"end":{"line":22,"column":34}},"22":{"start":{"line":23,"column":0},"end":{"line":23,"column":32}},"23":{"start":{"line":24,"column":0},"end":{"line":24,"column":26}},"24":{"start":{"line":25,"column":0},"end":{"line":25,"column":8}},"25":{"start":{"line":26,"column":0},"end":{"line":26,"column":23}},"26":{"start":{"line":27,"column":0},"end":{"line":27,"column":22}},"27":{"start":{"line":28,"column":0},"end":{"line":28,"column":32}},"28":{"start":{"line":29,"column":0},"end":{"line":29,"column":48}},"30":{"start":{"line":31,"column":0},"end":{"line":31,"column":19}},"31":{"start":{"line":32,"column":0},"end":{"line":32,"column":10}},"32":{"start":{"line":33,"column":0},"end":{"line":33,"column":10}},"33":{"start":{"line":34,"column":0},"end":{"line":34,"column":7}},"34":{"start":{"line":35,"column":0},"end":{"line":35,"column":8}},"35":{"start":{"line":36,"column":0},"end":{"line":36,"column":8}},"37":{"start":{"line":38,"column":0},"end":{"line":38,"column":2}},"39":{"start":{"line":40,"column":0},"end":{"line":40,"column":27}}},"s":{"0":1,"2":1,"4":1,"5":3,"6":3,"7":3,"8":3,"9":3,"10":3,"11":3,"12":3,"13":3,"14":3,"15":3,"16":3,"17":3,"18":3,"19":3,"20":3,"21":3,"22":3,"23":9,"24":9,"25":9,"26":9,"27":9,"28":9,"30":9,"31":9,"32":9,"33":3,"34":3,"35":3,"37":3,"39":1},"branchMap":{"0":{"type":"branch","line":5,"loc":{"start":{"line":5,"column":20},"end":{"line":38,"column":2}},"locations":[{"start":{"line":5,"column":20},"end":{"line":38,"column":2}}]},"1":{"type":"branch","line":23,"loc":{"start":{"line":23,"column":21},"end":{"line":33,"column":10}},"locations":[{"start":{"line":23,"column":21},"end":{"line":33,"column":10}}]}},"b":{"0":[3],"1":[9]},"fnMap":{"0":{"name":"SocialLinks","decl":{"start":{"line":5,"column":20},"end":{"line":38,"column":2}},"loc":{"start":{"line":5,"column":20},"end":{"line":38,"column":2}},"line":5}},"f":{"0":3}}
,"/home/aleks/webdev/Documents/rsSchool/rs-schooll-REACT2024Q3/src/components/themeChanger/ThemeChanger.tsx": {"path":"/home/aleks/webdev/Documents/rsSchool/rs-schooll-REACT2024Q3/src/components/themeChanger/ThemeChanger.tsx","all":false,"statementMap":{"0":{"start":{"line":1,"column":0},"end":{"line":1,"column":41}},"1":{"start":{"line":2,"column":0},"end":{"line":2,"column":35}},"2":{"start":{"line":3,"column":0},"end":{"line":3,"column":42}},"4":{"start":{"line":5,"column":0},"end":{"line":5,"column":28}},"5":{"start":{"line":6,"column":0},"end":{"line":6,"column":52}},"7":{"start":{"line":8,"column":0},"end":{"line":8,"column":9}},"8":{"start":{"line":9,"column":0},"end":{"line":9,"column":9}},"9":{"start":{"line":10,"column":0},"end":{"line":10,"column":31}},"10":{"start":{"line":11,"column":0},"end":{"line":11,"column":19}},"11":{"start":{"line":12,"column":0},"end":{"line":12,"column":3}},"12":{"start":{"line":13,"column":0},"end":{"line":13,"column":31}},"13":{"start":{"line":14,"column":0},"end":{"line":14,"column":11}},"15":{"start":{"line":16,"column":0},"end":{"line":16,"column":2}},"17":{"start":{"line":18,"column":0},"end":{"line":18,"column":28}}},"s":{"0":1,"1":1,"2":1,"4":1,"5":4,"7":4,"8":4,"9":4,"10":4,"11":4,"12":4,"13":4,"15":4,"17":1},"branchMap":{"0":{"type":"branch","line":5,"loc":{"start":{"line":5,"column":21},"end":{"line":16,"column":2}},"locations":[{"start":{"line":5,"column":21},"end":{"line":16,"column":2}}]}},"b":{"0":[4]},"fnMap":{"0":{"name":"ThemeChanger","decl":{"start":{"line":5,"column":21},"end":{"line":16,"column":2}},"loc":{"start":{"line":5,"column":21},"end":{"line":16,"column":2}},"line":5}},"f":{"0":4}}
,"/home/aleks/webdev/Documents/rsSchool/rs-schooll-REACT2024Q3/src/pages/main/MainPage.tsx": {"path":"/home/aleks/webdev/Documents/rsSchool/rs-schooll-REACT2024Q3/src/pages/main/MainPage.tsx","all":false,"statementMap":{"0":{"start":{"line":1,"column":0},"end":{"line":1,"column":59}},"1":{"start":{"line":2,"column":0},"end":{"line":2,"column":59}},"2":{"start":{"line":3,"column":0},"end":{"line":3,"column":61}},"3":{"start":{"line":4,"column":0},"end":{"line":4,"column":64}},"4":{"start":{"line":5,"column":0},"end":{"line":5,"column":49}},"6":{"start":{"line":7,"column":0},"end":{"line":7,"column":57}},"8":{"start":{"line":9,"column":0},"end":{"line":9,"column":41}},"9":{"start":{"line":10,"column":0},"end":{"line":10,"column":70}},"10":{"start":{"line":11,"column":0},"end":{"line":11,"column":64}},"11":{"start":{"line":12,"column":0},"end":{"line":12,"column":24}},"12":{"start":{"line":13,"column":0},"end":{"line":13,"column":70}},"13":{"start":{"line":14,"column":0},"end":{"line":14,"column":78}},"15":{"start":{"line":16,"column":0},"end":{"line":16,"column":9}},"16":{"start":{"line":17,"column":0},"end":{"line":17,"column":27}},"17":{"start":{"line":18,"column":0},"end":{"line":18,"column":13}},"18":{"start":{"line":19,"column":0},"end":{"line":19,"column":26}},"19":{"start":{"line":20,"column":0},"end":{"line":20,"column":45}},"20":{"start":{"line":21,"column":0},"end":{"line":21,"column":36}},"21":{"start":{"line":22,"column":0},"end":{"line":22,"column":27}},"22":{"start":{"line":23,"column":0},"end":{"line":23,"column":42}},"23":{"start":{"line":24,"column":0},"end":{"line":24,"column":49}},"24":{"start":{"line":25,"column":0},"end":{"line":25,"column":43}},"25":{"start":{"line":26,"column":0},"end":{"line":26,"column":53}},"26":{"start":{"line":27,"column":0},"end":{"line":27,"column":15}},"29":{"start":{"line":30,"column":0},"end":{"line":30,"column":16}},"31":{"start":{"line":32,"column":0},"end":{"line":32,"column":15}},"33":{"start":{"line":34,"column":0},"end":{"line":34,"column":16}},"34":{"start":{"line":35,"column":0},"end":{"line":35,"column":14}},"39":{"start":{"line":40,"column":0},"end":{"line":40,"column":15}},"40":{"start":{"line":41,"column":0},"end":{"line":41,"column":14}},"51":{"start":{"line":52,"column":0},"end":{"line":52,"column":15}},"53":{"start":{"line":54,"column":0},"end":{"line":54,"column":14}},"59":{"start":{"line":60,"column":0},"end":{"line":60,"column":15}},"61":{"start":{"line":62,"column":0},"end":{"line":62,"column":14}},"68":{"start":{"line":69,"column":0},"end":{"line":69,"column":15}},"70":{"start":{"line":71,"column":0},"end":{"line":71,"column":14}},"78":{"start":{"line":79,"column":0},"end":{"line":79,"column":15}},"80":{"start":{"line":81,"column":0},"end":{"line":81,"column":14}},"88":{"start":{"line":89,"column":0},"end":{"line":89,"column":15}},"90":{"start":{"line":91,"column":0},"end":{"line":91,"column":14}},"98":{"start":{"line":99,"column":0},"end":{"line":99,"column":15}},"100":{"start":{"line":101,"column":0},"end":{"line":101,"column":14}},"106":{"start":{"line":107,"column":0},"end":{"line":107,"column":15}},"108":{"start":{"line":109,"column":0},"end":{"line":109,"column":14}},"114":{"start":{"line":115,"column":0},"end":{"line":115,"column":15}},"116":{"start":{"line":117,"column":0},"end":{"line":117,"column":14}},"124":{"start":{"line":125,"column":0},"end":{"line":125,"column":15}},"126":{"start":{"line":127,"column":0},"end":{"line":127,"column":14}},"130":{"start":{"line":131,"column":0},"end":{"line":131,"column":15}},"132":{"start":{"line":133,"column":0},"end":{"line":133,"column":15}},"134":{"start":{"line":135,"column":0},"end":{"line":135,"column":16}},"135":{"start":{"line":136,"column":0},"end":{"line":136,"column":16}},"136":{"start":{"line":137,"column":0},"end":{"line":137,"column":15}},"137":{"start":{"line":138,"column":0},"end":{"line":138,"column":14}},"138":{"start":{"line":139,"column":0},"end":{"line":139,"column":13}},"140":{"start":{"line":141,"column":0},"end":{"line":141,"column":11}},"141":{"start":{"line":142,"column":0},"end":{"line":142,"column":19}},"143":{"start":{"line":144,"column":0},"end":{"line":144,"column":38}},"144":{"start":{"line":145,"column":0},"end":{"line":145,"column":13}},"145":{"start":{"line":146,"column":0},"end":{"line":146,"column":75}},"147":{"start":{"line":148,"column":0},"end":{"line":148,"column":35}},"148":{"start":{"line":149,"column":0},"end":{"line":149,"column":38}},"149":{"start":{"line":150,"column":0},"end":{"line":150,"column":15}},"150":{"start":{"line":151,"column":0},"end":{"line":151,"column":14}},"151":{"start":{"line":152,"column":0},"end":{"line":152,"column":10}},"152":{"start":{"line":153,"column":0},"end":{"line":153,"column":51}},"153":{"start":{"line":154,"column":0},"end":{"line":154,"column":13}},"154":{"start":{"line":155,"column":0},"end":{"line":155,"column":8}},"156":{"start":{"line":157,"column":0},"end":{"line":157,"column":2}},"158":{"start":{"line":159,"column":0},"end":{"line":159,"column":24}}},"s":{"0":1,"1":1,"2":1,"3":1,"4":1,"6":1,"8":1,"9":1,"10":1,"11":1,"12":1,"13":1,"15":1,"16":1,"17":1,"18":1,"19":1,"20":1,"21":1,"22":1,"23":1,"24":1,"25":1,"26":1,"29":1,"31":1,"33":1,"34":1,"39":1,"40":1,"51":1,"53":1,"59":1,"61":1,"68":1,"70":1,"78":1,"80":1,"88":1,"90":1,"98":1,"100":1,"106":1,"108":1,"114":1,"116":1,"124":1,"126":1,"130":1,"132":1,"134":1,"135":1,"136":1,"137":1,"138":1,"140":1,"141":1,"143":1,"144":1,"145":1,"147":1,"148":1,"149":1,"150":1,"151":1,"152":1,"153":1,"154":1,"156":1,"158":1},"branchMap":{"0":{"type":"branch","line":12,"loc":{"start":{"line":12,"column":17},"end":{"line":157,"column":2}},"locations":[{"start":{"line":12,"column":17},"end":{"line":157,"column":2}}]},"1":{"type":"branch","line":144,"loc":{"start":{"line":144,"column":6},"end":{"line":144,"column":38}},"locations":[{"start":{"line":144,"column":6},"end":{"line":144,"column":38}}]},"2":{"type":"branch","line":146,"loc":{"start":{"line":146,"column":37},"end":{"line":146,"column":70}},"locations":[{"start":{"line":146,"column":37},"end":{"line":146,"column":70}}]},"3":{"type":"branch","line":148,"loc":{"start":{"line":148,"column":7},"end":{"line":148,"column":35}},"locations":[{"start":{"line":148,"column":7},"end":{"line":148,"column":35}}]},"4":{"type":"branch","line":149,"loc":{"start":{"line":149,"column":7},"end":{"line":149,"column":38}},"locations":[{"start":{"line":149,"column":7},"end":{"line":149,"column":38}}]},"5":{"type":"branch","line":153,"loc":{"start":{"line":153,"column":27},"end":{"line":153,"column":48}},"locations":[{"start":{"line":153,"column":27},"end":{"line":153,"column":48}}]},"6":{"type":"branch","line":13,"loc":{"start":{"line":13,"column":43},"end":{"line":13,"column":68}},"locations":[{"start":{"line":13,"column":43},"end":{"line":13,"column":68}}]},"7":{"type":"branch","line":14,"loc":{"start":{"line":14,"column":54},"end":{"line":14,"column":76}},"locations":[{"start":{"line":14,"column":54},"end":{"line":14,"column":76}}]}},"b":{"0":[1],"1":[0],"2":[0],"3":[0],"4":[0],"5":[0],"6":[4],"7":[4]},"fnMap":{"0":{"name":"MainPage","decl":{"start":{"line":12,"column":17},"end":{"line":157,"column":2}},"loc":{"start":{"line":12,"column":17},"end":{"line":157,"column":2}},"line":12}},"f":{"0":1}}
,"/home/aleks/webdev/Documents/rsSchool/rs-schooll-REACT2024Q3/src/pages/notFound/NotFoundPage.tsx": {"path":"/home/aleks/webdev/Documents/rsSchool/rs-schooll-REACT2024Q3/src/pages/notFound/NotFoundPage.tsx","all":false,"statementMap":{"0":{"start":{"line":1,"column":0},"end":{"line":1,"column":47}},"2":{"start":{"line":3,"column":0},"end":{"line":3,"column":41}},"4":{"start":{"line":5,"column":0},"end":{"line":5,"column":28}},"5":{"start":{"line":6,"column":0},"end":{"line":6,"column":32}},"6":{"start":{"line":7,"column":0},"end":{"line":7,"column":9}},"7":{"start":{"line":8,"column":0},"end":{"line":8,"column":37}},"8":{"start":{"line":9,"column":0},"end":{"line":9,"column":26}},"9":{"start":{"line":10,"column":0},"end":{"line":10,"column":73}},"10":{"start":{"line":11,"column":0},"end":{"line":11,"column":8}},"12":{"start":{"line":13,"column":0},"end":{"line":13,"column":2}},"14":{"start":{"line":15,"column":0},"end":{"line":15,"column":28}}},"s":{"0":1,"2":1,"4":1,"5":1,"6":1,"7":1,"8":1,"9":1,"10":1,"12":1,"14":1},"branchMap":{"0":{"type":"branch","line":5,"loc":{"start":{"line":5,"column":21},"end":{"line":13,"column":2}},"locations":[{"start":{"line":5,"column":21},"end":{"line":13,"column":2}}]}},"b":{"0":[1]},"fnMap":{"0":{"name":"NotFoundPage","decl":{"start":{"line":5,"column":21},"end":{"line":13,"column":2}},"loc":{"start":{"line":5,"column":21},"end":{"line":13,"column":2}},"line":5},"1":{"name":"onClick","decl":{"start":{"line":10,"column":20},"end":{"line":10,"column":41}},"loc":{"start":{"line":10,"column":20},"end":{"line":10,"column":41}},"line":10}},"f":{"0":1,"1":0}}
}
